2022-08-20 00:36:26,330 [HikariPool-1 housekeeper] WARN  com.zaxxer.hikari.pool.HikariPool                            : HikariPool-1 - Thread starvation or clock leap detected (housekeeper delta=1h21m57s243ms).
2022-08-20 01:32:05,806 [HikariPool-1 housekeeper] WARN  com.zaxxer.hikari.pool.HikariPool                            : HikariPool-1 - Thread starvation or clock leap detected (housekeeper delta=55m39s476ms).
2022-08-20 02:56:32,530 [HikariPool-1 housekeeper] WARN  com.zaxxer.hikari.pool.HikariPool                            : HikariPool-1 - Thread starvation or clock leap detected (housekeeper delta=1h24m26s724ms).
2022-08-20 04:20:36,188 [HikariPool-1 housekeeper] WARN  com.zaxxer.hikari.pool.HikariPool                            : HikariPool-1 - Thread starvation or clock leap detected (housekeeper delta=1h24m3s658ms).
2022-08-20 05:45:32,974 [HikariPool-1 housekeeper] WARN  com.zaxxer.hikari.pool.HikariPool                            : HikariPool-1 - Thread starvation or clock leap detected (housekeeper delta=1h24m56s785ms).
2022-08-20 07:09:51,775 [HikariPool-1 housekeeper] WARN  com.zaxxer.hikari.pool.HikariPool                            : HikariPool-1 - Thread starvation or clock leap detected (housekeeper delta=1h24m18s802ms).
2022-08-20 08:07:35,500 [HikariPool-1 housekeeper] WARN  com.zaxxer.hikari.pool.HikariPool                            : HikariPool-1 - Thread starvation or clock leap detected (housekeeper delta=57m43s725ms).
2022-08-20 09:00:15,437 [HikariPool-1 housekeeper] WARN  com.zaxxer.hikari.pool.HikariPool                            : HikariPool-1 - Thread starvation or clock leap detected (housekeeper delta=52m39s937ms).
2022-08-20 09:17:16,760 [HikariPool-1 housekeeper] WARN  com.zaxxer.hikari.pool.HikariPool                            : HikariPool-1 - Thread starvation or clock leap detected (housekeeper delta=17m1s323ms).
2022-08-20 10:20:45,758 [HikariPool-1 housekeeper] WARN  com.zaxxer.hikari.pool.HikariPool                            : HikariPool-1 - Thread starvation or clock leap detected (housekeeper delta=1h2m58s984ms).
2022-08-20 11:26:14,560 [HikariPool-1 housekeeper] WARN  com.zaxxer.hikari.pool.HikariPool                            : HikariPool-1 - Thread starvation or clock leap detected (housekeeper delta=1h5m28s803ms).
2022-08-20 12:30:44,996 [HikariPool-1 housekeeper] WARN  com.zaxxer.hikari.pool.HikariPool                            : HikariPool-1 - Thread starvation or clock leap detected (housekeeper delta=1h4m30s436ms).
2022-08-20 13:36:30,899 [HikariPool-1 housekeeper] WARN  com.zaxxer.hikari.pool.HikariPool                            : HikariPool-1 - Thread starvation or clock leap detected (housekeeper delta=1h5m45s902ms).
2022-08-20 14:23:38,183 [HikariPool-1 housekeeper] WARN  com.zaxxer.hikari.pool.HikariPool                            : HikariPool-1 - Thread starvation or clock leap detected (housekeeper delta=47m7s284ms).
2022-08-20 15:30:04,111 [HikariPool-1 housekeeper] WARN  com.zaxxer.hikari.pool.HikariPool                            : HikariPool-1 - Thread starvation or clock leap detected (housekeeper delta=1h6m25s929ms).
2022-08-20 16:53:15,837 [HikariPool-1 housekeeper] WARN  com.zaxxer.hikari.pool.HikariPool                            : HikariPool-1 - Thread starvation or clock leap detected (housekeeper delta=1h23m11s725ms).
2022-08-20 17:40:24,379 [HikariPool-1 housekeeper] WARN  com.zaxxer.hikari.pool.HikariPool                            : HikariPool-1 - Thread starvation or clock leap detected (housekeeper delta=47m8s543ms).
2022-08-20 19:00:04,962 [HikariPool-1 housekeeper] WARN  com.zaxxer.hikari.pool.HikariPool                            : HikariPool-1 - Thread starvation or clock leap detected (housekeeper delta=1h19m40s582ms).
2022-08-20 19:47:09,131 [HikariPool-1 housekeeper] WARN  com.zaxxer.hikari.pool.HikariPool                            : HikariPool-1 - Thread starvation or clock leap detected (housekeeper delta=47m4s169ms).
2022-08-20 20:00:45,843 [HikariPool-1 housekeeper] WARN  com.zaxxer.hikari.pool.HikariPool                            : HikariPool-1 - Thread starvation or clock leap detected (housekeeper delta=12m33s782ms).
2022-08-20 20:37:57,490 [HikariPool-1 housekeeper] WARN  com.zaxxer.hikari.pool.HikariPool                            : HikariPool-1 - Thread starvation or clock leap detected (housekeeper delta=36m41s660ms).
2022-08-20 20:58:48,069 [HikariPool-1 housekeeper] WARN  com.zaxxer.hikari.pool.HikariPool                            : HikariPool-1 - Thread starvation or clock leap detected (housekeeper delta=20m50s579ms).
2022-08-20 21:04:46,945 [RMI TCP Connection(46)-127.0.0.1] INFO  o.s.b.a.SpringApplicationAdminMXBeanRegistrar$SpringApplicationAdmin : Application shutdown requested.
2022-08-20 21:04:47,006 [RMI TCP Connection(46)-127.0.0.1] INFO  o.s.orm.jpa.LocalContainerEntityManagerFactoryBean           : Closing JPA EntityManagerFactory for persistence unit 'default'
2022-08-20 21:04:47,007 [RMI TCP Connection(46)-127.0.0.1] INFO  o.h.t.s.internal.SchemaDropperImpl$DelayedDropActionImpl     : HHH000477: Starting delayed evictData of schema as part of SessionFactory shut-down'
2022-08-20 21:04:47,228 [RMI TCP Connection(46)-127.0.0.1] WARN  o.s.beans.factory.support.DisposableBeanAdapter              : Invocation of destroy method failed on bean with name 'inMemoryDatabaseShutdownExecutor': org.h2.jdbc.JdbcSQLNonTransientConnectionException: La base de datos ya esta cerrada (para des-habilitar el cerrado automatico durante el shutdown de la VM, agregue ";DB_CLOSE_ON_EXIT=FALSE" a la URL de conexión)
Database is already closed (to disable automatic closing at VM shutdown, add ";DB_CLOSE_ON_EXIT=FALSE" to the db URL) [90121-200]
2022-08-20 21:04:47,232 [RMI TCP Connection(46)-127.0.0.1] INFO  com.zaxxer.hikari.HikariDataSource                           : HikariPool-1 - Shutdown initiated...
2022-08-20 21:04:47,237 [RMI TCP Connection(46)-127.0.0.1] INFO  com.zaxxer.hikari.HikariDataSource                           : HikariPool-1 - Shutdown completed.
2022-08-20 21:04:49,805 [background-preinit] INFO  org.hibernate.validator.internal.util.Version                : HV000001: Hibernate Validator 6.2.0.Final
2022-08-20 21:04:49,816 [restartedMain] INFO  com.memphis.cafe.MemphiCafeApplication                       : Starting MemphiCafeApplication using Java 18.0.1 on MacBook-Air-de-Jose.local with PID 71973 (/Users/joseplasenciavillarejo/git/Memphis_Cafe/target/classes started by joseplasenciavillarejo in /Users/joseplasenciavillarejo/git/Memphis_Cafe)
2022-08-20 21:04:49,816 [restartedMain] INFO  com.memphis.cafe.MemphiCafeApplication                       : No active profile set, falling back to default profiles: default
2022-08-20 21:04:49,885 [restartedMain] INFO  org.springframework.boot.devtools.restart.ChangeableUrls     : The Class-Path manifest attribute in /Users/joseplasenciavillarejo/.m2/repository/com/oracle/database/jdbc/ojdbc8/21.1.0.0/ojdbc8-21.1.0.0.jar referenced one or more files that do not exist: file:/Users/joseplasenciavillarejo/.m2/repository/com/oracle/database/jdbc/ojdbc8/21.1.0.0/oraclepki.jar
2022-08-20 21:04:49,886 [restartedMain] INFO  o.s.boot.devtools.env.DevToolsPropertyDefaultsPostProcessor  : Devtools property defaults active! Set 'spring.devtools.add-properties' to 'false' to disable
2022-08-20 21:04:49,886 [restartedMain] INFO  o.s.boot.devtools.env.DevToolsPropertyDefaultsPostProcessor  : For additional web related logging consider setting the 'logging.level.web' property to 'DEBUG'
2022-08-20 21:04:50,827 [restartedMain] INFO  o.s.data.repository.config.RepositoryConfigurationDelegate   : Bootstrapping Spring Data JPA repositories in DEFAULT mode.
2022-08-20 21:04:50,885 [restartedMain] INFO  o.s.data.repository.config.RepositoryConfigurationDelegate   : Finished Spring Data repository scanning in 51 ms. Found 1 JPA repository interfaces.
2022-08-20 21:04:51,760 [restartedMain] INFO  org.springframework.boot.web.embedded.tomcat.TomcatWebServer : Tomcat initialized with port(s): 8080 (http)
2022-08-20 21:04:51,769 [restartedMain] INFO  org.apache.coyote.http11.Http11NioProtocol                   : Initializing ProtocolHandler ["http-nio-8080"]
2022-08-20 21:04:51,770 [restartedMain] INFO  org.apache.catalina.core.StandardService                     : Starting service [Tomcat]
2022-08-20 21:04:51,770 [restartedMain] INFO  org.apache.catalina.core.StandardEngine                      : Starting Servlet engine: [Apache Tomcat/9.0.50]
2022-08-20 21:04:51,836 [restartedMain] INFO  o.a.catalina.core.ContainerBase.[Tomcat].[localhost].[/]     : Initializing Spring embedded WebApplicationContext
2022-08-20 21:04:51,837 [restartedMain] INFO  o.s.b.web.servlet.context.ServletWebServerApplicationContext : Root WebApplicationContext: initialization completed in 1951 ms
2022-08-20 21:04:51,876 [restartedMain] INFO  com.zaxxer.hikari.HikariDataSource                           : HikariPool-1 - Starting...
2022-08-20 21:04:52,073 [restartedMain] INFO  com.zaxxer.hikari.HikariDataSource                           : HikariPool-1 - Start completed.
2022-08-20 21:04:52,081 [restartedMain] INFO  o.s.boot.autoconfigure.h2.H2ConsoleAutoConfiguration         : H2 console available at '/h2-console'. Database available at 'jdbc:h2:mem:testdb'
2022-08-20 21:04:52,335 [restartedMain] INFO  org.hibernate.jpa.internal.util.LogHelper                    : HHH000204: Processing PersistenceUnitInfo [name: default]
2022-08-20 21:04:52,368 [restartedMain] INFO  org.hibernate.Version                                        : HHH000412: Hibernate ORM core version 5.4.32.Final
2022-08-20 21:04:52,479 [restartedMain] INFO  org.hibernate.annotations.common.Version                     : HCANN000001: Hibernate Commons Annotations {5.1.2.Final}
2022-08-20 21:04:52,565 [restartedMain] INFO  org.hibernate.dialect.Dialect                                : HHH000400: Using dialect: org.hibernate.dialect.H2Dialect
2022-08-20 21:04:53,025 [restartedMain] INFO  o.h.e.transaction.jta.platform.internal.JtaPlatformInitiator : HHH000490: Using JtaPlatform implementation: [org.hibernate.engine.transaction.jta.platform.internal.NoJtaPlatform]
2022-08-20 21:04:53,032 [restartedMain] INFO  o.s.orm.jpa.LocalContainerEntityManagerFactoryBean           : Initialized JPA EntityManagerFactory for persistence unit 'default'
2022-08-20 21:04:53,143 [restartedMain] WARN  o.s.b.a.orm.jpa.JpaBaseConfiguration$JpaWebConfiguration     : spring.jpa.open-in-view is enabled by default. Therefore, database queries may be performed during view rendering. Explicitly configure spring.jpa.open-in-view to disable this warning
2022-08-20 21:04:53,956 [restartedMain] INFO  o.s.boot.devtools.autoconfigure.OptionalLiveReloadServer     : LiveReload server is running on port 35729
2022-08-20 21:04:53,984 [restartedMain] INFO  org.apache.coyote.http11.Http11NioProtocol                   : Starting ProtocolHandler ["http-nio-8080"]
2022-08-20 21:04:54,001 [restartedMain] INFO  org.springframework.boot.web.embedded.tomcat.TomcatWebServer : Tomcat started on port(s): 8080 (http) with context path ''
2022-08-20 21:04:54,026 [restartedMain] INFO  com.memphis.cafe.MemphiCafeApplication                       : Started MemphiCafeApplication in 4.886 seconds (JVM running for 6.111)
2022-08-20 21:04:58,474 [http-nio-8080-exec-1] INFO  o.a.catalina.core.ContainerBase.[Tomcat].[localhost].[/]     : Initializing Spring DispatcherServlet 'dispatcherServlet'
2022-08-20 21:04:58,475 [http-nio-8080-exec-1] INFO  org.springframework.web.servlet.DispatcherServlet            : Initializing Servlet 'dispatcherServlet'
2022-08-20 21:04:58,477 [http-nio-8080-exec-1] INFO  org.springframework.web.servlet.DispatcherServlet            : Completed initialization in 2 ms
2022-08-20 21:04:58,500 [http-nio-8080-exec-1] INFO  com.memphis.cafe.controllers.MemphisController               : Mostrando la carta para el Cafe Bar - Memphis
2022-08-20 21:06:06,575 [RMI TCP Connection(5)-127.0.0.1] INFO  o.s.b.a.SpringApplicationAdminMXBeanRegistrar$SpringApplicationAdmin : Application shutdown requested.
2022-08-20 21:06:06,605 [RMI TCP Connection(5)-127.0.0.1] INFO  o.s.orm.jpa.LocalContainerEntityManagerFactoryBean           : Closing JPA EntityManagerFactory for persistence unit 'default'
2022-08-20 21:06:06,606 [RMI TCP Connection(5)-127.0.0.1] INFO  o.h.t.s.internal.SchemaDropperImpl$DelayedDropActionImpl     : HHH000477: Starting delayed evictData of schema as part of SessionFactory shut-down'
2022-08-20 21:06:06,828 [RMI TCP Connection(5)-127.0.0.1] WARN  o.s.beans.factory.support.DisposableBeanAdapter              : Invocation of destroy method failed on bean with name 'inMemoryDatabaseShutdownExecutor': org.h2.jdbc.JdbcSQLNonTransientConnectionException: La base de datos ya esta cerrada (para des-habilitar el cerrado automatico durante el shutdown de la VM, agregue ";DB_CLOSE_ON_EXIT=FALSE" a la URL de conexión)
Database is already closed (to disable automatic closing at VM shutdown, add ";DB_CLOSE_ON_EXIT=FALSE" to the db URL) [90121-200]
2022-08-20 21:06:06,831 [RMI TCP Connection(5)-127.0.0.1] INFO  com.zaxxer.hikari.HikariDataSource                           : HikariPool-1 - Shutdown initiated...
2022-08-20 21:06:06,835 [RMI TCP Connection(5)-127.0.0.1] INFO  com.zaxxer.hikari.HikariDataSource                           : HikariPool-1 - Shutdown completed.
2022-08-20 21:06:13,647 [background-preinit] INFO  org.hibernate.validator.internal.util.Version                : HV000001: Hibernate Validator 6.2.0.Final
2022-08-20 21:06:13,654 [restartedMain] INFO  com.memphis.cafe.MemphiCafeApplication                       : Starting MemphiCafeApplication using Java 18.0.1 on MacBook-Air-de-Jose.local with PID 71976 (/Users/joseplasenciavillarejo/git/Memphis_Cafe/target/classes started by joseplasenciavillarejo in /Users/joseplasenciavillarejo/git/Memphis_Cafe)
2022-08-20 21:06:13,655 [restartedMain] INFO  com.memphis.cafe.MemphiCafeApplication                       : No active profile set, falling back to default profiles: default
2022-08-20 21:06:13,728 [restartedMain] INFO  org.springframework.boot.devtools.restart.ChangeableUrls     : The Class-Path manifest attribute in /Users/joseplasenciavillarejo/.m2/repository/com/oracle/database/jdbc/ojdbc8/21.1.0.0/ojdbc8-21.1.0.0.jar referenced one or more files that do not exist: file:/Users/joseplasenciavillarejo/.m2/repository/com/oracle/database/jdbc/ojdbc8/21.1.0.0/oraclepki.jar
2022-08-20 21:06:13,728 [restartedMain] INFO  o.s.boot.devtools.env.DevToolsPropertyDefaultsPostProcessor  : Devtools property defaults active! Set 'spring.devtools.add-properties' to 'false' to disable
2022-08-20 21:06:13,729 [restartedMain] INFO  o.s.boot.devtools.env.DevToolsPropertyDefaultsPostProcessor  : For additional web related logging consider setting the 'logging.level.web' property to 'DEBUG'
2022-08-20 21:06:14,657 [restartedMain] INFO  o.s.data.repository.config.RepositoryConfigurationDelegate   : Bootstrapping Spring Data JPA repositories in DEFAULT mode.
2022-08-20 21:06:14,716 [restartedMain] INFO  o.s.data.repository.config.RepositoryConfigurationDelegate   : Finished Spring Data repository scanning in 52 ms. Found 1 JPA repository interfaces.
2022-08-20 21:06:15,581 [restartedMain] INFO  org.springframework.boot.web.embedded.tomcat.TomcatWebServer : Tomcat initialized with port(s): 8080 (http)
2022-08-20 21:06:15,590 [restartedMain] INFO  org.apache.coyote.http11.Http11NioProtocol                   : Initializing ProtocolHandler ["http-nio-8080"]
2022-08-20 21:06:15,591 [restartedMain] INFO  org.apache.catalina.core.StandardService                     : Starting service [Tomcat]
2022-08-20 21:06:15,591 [restartedMain] INFO  org.apache.catalina.core.StandardEngine                      : Starting Servlet engine: [Apache Tomcat/9.0.50]
2022-08-20 21:06:15,657 [restartedMain] INFO  o.a.catalina.core.ContainerBase.[Tomcat].[localhost].[/]     : Initializing Spring embedded WebApplicationContext
2022-08-20 21:06:15,657 [restartedMain] INFO  o.s.b.web.servlet.context.ServletWebServerApplicationContext : Root WebApplicationContext: initialization completed in 1928 ms
2022-08-20 21:06:15,692 [restartedMain] INFO  com.zaxxer.hikari.HikariDataSource                           : HikariPool-1 - Starting...
2022-08-20 21:06:15,900 [restartedMain] INFO  com.zaxxer.hikari.HikariDataSource                           : HikariPool-1 - Start completed.
2022-08-20 21:06:15,907 [restartedMain] INFO  o.s.boot.autoconfigure.h2.H2ConsoleAutoConfiguration         : H2 console available at '/h2-console'. Database available at 'jdbc:h2:mem:testdb'
2022-08-20 21:06:16,160 [restartedMain] INFO  org.hibernate.jpa.internal.util.LogHelper                    : HHH000204: Processing PersistenceUnitInfo [name: default]
2022-08-20 21:06:16,194 [restartedMain] INFO  org.hibernate.Version                                        : HHH000412: Hibernate ORM core version 5.4.32.Final
2022-08-20 21:06:16,297 [restartedMain] INFO  org.hibernate.annotations.common.Version                     : HCANN000001: Hibernate Commons Annotations {5.1.2.Final}
2022-08-20 21:06:16,388 [restartedMain] INFO  org.hibernate.dialect.Dialect                                : HHH000400: Using dialect: org.hibernate.dialect.H2Dialect
2022-08-20 21:06:16,841 [restartedMain] INFO  o.h.e.transaction.jta.platform.internal.JtaPlatformInitiator : HHH000490: Using JtaPlatform implementation: [org.hibernate.engine.transaction.jta.platform.internal.NoJtaPlatform]
2022-08-20 21:06:16,848 [restartedMain] INFO  o.s.orm.jpa.LocalContainerEntityManagerFactoryBean           : Initialized JPA EntityManagerFactory for persistence unit 'default'
2022-08-20 21:06:16,949 [restartedMain] WARN  o.s.b.a.orm.jpa.JpaBaseConfiguration$JpaWebConfiguration     : spring.jpa.open-in-view is enabled by default. Therefore, database queries may be performed during view rendering. Explicitly configure spring.jpa.open-in-view to disable this warning
2022-08-20 21:06:17,775 [restartedMain] INFO  o.s.boot.devtools.autoconfigure.OptionalLiveReloadServer     : LiveReload server is running on port 35729
2022-08-20 21:06:17,806 [restartedMain] INFO  org.apache.coyote.http11.Http11NioProtocol                   : Starting ProtocolHandler ["http-nio-8080"]
2022-08-20 21:06:17,826 [restartedMain] INFO  org.springframework.boot.web.embedded.tomcat.TomcatWebServer : Tomcat started on port(s): 8080 (http) with context path ''
2022-08-20 21:06:17,847 [restartedMain] INFO  com.memphis.cafe.MemphiCafeApplication                       : Started MemphiCafeApplication in 4.866 seconds (JVM running for 6.23)
2022-08-20 21:06:23,308 [http-nio-8080-exec-1] INFO  o.a.catalina.core.ContainerBase.[Tomcat].[localhost].[/]     : Initializing Spring DispatcherServlet 'dispatcherServlet'
2022-08-20 21:06:23,308 [http-nio-8080-exec-1] INFO  org.springframework.web.servlet.DispatcherServlet            : Initializing Servlet 'dispatcherServlet'
2022-08-20 21:06:23,309 [http-nio-8080-exec-1] INFO  org.springframework.web.servlet.DispatcherServlet            : Completed initialization in 1 ms
2022-08-20 21:06:23,333 [http-nio-8080-exec-1] INFO  com.memphis.cafe.controllers.MemphisController               : Mostrando la carta para el Cafe Bar - Memphis
2022-08-20 21:08:16,219 [RMI TCP Connection(4)-127.0.0.1] INFO  o.s.b.a.SpringApplicationAdminMXBeanRegistrar$SpringApplicationAdmin : Application shutdown requested.
2022-08-20 21:08:16,246 [RMI TCP Connection(4)-127.0.0.1] INFO  o.s.orm.jpa.LocalContainerEntityManagerFactoryBean           : Closing JPA EntityManagerFactory for persistence unit 'default'
2022-08-20 21:08:16,246 [RMI TCP Connection(4)-127.0.0.1] INFO  o.h.t.s.internal.SchemaDropperImpl$DelayedDropActionImpl     : HHH000477: Starting delayed evictData of schema as part of SessionFactory shut-down'
2022-08-20 21:08:16,468 [RMI TCP Connection(4)-127.0.0.1] WARN  o.s.beans.factory.support.DisposableBeanAdapter              : Invocation of destroy method failed on bean with name 'inMemoryDatabaseShutdownExecutor': org.h2.jdbc.JdbcSQLNonTransientConnectionException: La base de datos ya esta cerrada (para des-habilitar el cerrado automatico durante el shutdown de la VM, agregue ";DB_CLOSE_ON_EXIT=FALSE" a la URL de conexión)
Database is already closed (to disable automatic closing at VM shutdown, add ";DB_CLOSE_ON_EXIT=FALSE" to the db URL) [90121-200]
2022-08-20 21:08:16,470 [RMI TCP Connection(4)-127.0.0.1] INFO  com.zaxxer.hikari.HikariDataSource                           : HikariPool-1 - Shutdown initiated...
2022-08-20 21:08:16,474 [RMI TCP Connection(4)-127.0.0.1] INFO  com.zaxxer.hikari.HikariDataSource                           : HikariPool-1 - Shutdown completed.
2022-08-20 21:09:03,033 [background-preinit] INFO  org.hibernate.validator.internal.util.Version                : HV000001: Hibernate Validator 6.2.0.Final
2022-08-20 21:09:03,035 [restartedMain] INFO  com.memphis.cafe.MemphiCafeApplication                       : Starting MemphiCafeApplication using Java 18.0.1 on MacBook-Air-de-Jose.local with PID 72002 (/Users/joseplasenciavillarejo/git/Memphis_Cafe/target/classes started by joseplasenciavillarejo in /Users/joseplasenciavillarejo/git/Memphis_Cafe)
2022-08-20 21:09:03,036 [restartedMain] INFO  com.memphis.cafe.MemphiCafeApplication                       : No active profile set, falling back to default profiles: default
2022-08-20 21:09:03,110 [restartedMain] INFO  org.springframework.boot.devtools.restart.ChangeableUrls     : The Class-Path manifest attribute in /Users/joseplasenciavillarejo/.m2/repository/com/oracle/database/jdbc/ojdbc8/21.1.0.0/ojdbc8-21.1.0.0.jar referenced one or more files that do not exist: file:/Users/joseplasenciavillarejo/.m2/repository/com/oracle/database/jdbc/ojdbc8/21.1.0.0/oraclepki.jar
2022-08-20 21:09:03,111 [restartedMain] INFO  o.s.boot.devtools.env.DevToolsPropertyDefaultsPostProcessor  : Devtools property defaults active! Set 'spring.devtools.add-properties' to 'false' to disable
2022-08-20 21:09:03,111 [restartedMain] INFO  o.s.boot.devtools.env.DevToolsPropertyDefaultsPostProcessor  : For additional web related logging consider setting the 'logging.level.web' property to 'DEBUG'
2022-08-20 21:09:04,042 [restartedMain] INFO  o.s.data.repository.config.RepositoryConfigurationDelegate   : Bootstrapping Spring Data JPA repositories in DEFAULT mode.
2022-08-20 21:09:04,103 [restartedMain] INFO  o.s.data.repository.config.RepositoryConfigurationDelegate   : Finished Spring Data repository scanning in 55 ms. Found 1 JPA repository interfaces.
2022-08-20 21:09:04,986 [restartedMain] INFO  org.springframework.boot.web.embedded.tomcat.TomcatWebServer : Tomcat initialized with port(s): 8080 (http)
2022-08-20 21:09:04,996 [restartedMain] INFO  org.apache.coyote.http11.Http11NioProtocol                   : Initializing ProtocolHandler ["http-nio-8080"]
2022-08-20 21:09:04,997 [restartedMain] INFO  org.apache.catalina.core.StandardService                     : Starting service [Tomcat]
2022-08-20 21:09:04,997 [restartedMain] INFO  org.apache.catalina.core.StandardEngine                      : Starting Servlet engine: [Apache Tomcat/9.0.50]
2022-08-20 21:09:05,065 [restartedMain] INFO  o.a.catalina.core.ContainerBase.[Tomcat].[localhost].[/]     : Initializing Spring embedded WebApplicationContext
2022-08-20 21:09:05,065 [restartedMain] INFO  o.s.b.web.servlet.context.ServletWebServerApplicationContext : Root WebApplicationContext: initialization completed in 1953 ms
2022-08-20 21:09:05,103 [restartedMain] INFO  com.zaxxer.hikari.HikariDataSource                           : HikariPool-1 - Starting...
2022-08-20 21:09:05,312 [restartedMain] INFO  com.zaxxer.hikari.HikariDataSource                           : HikariPool-1 - Start completed.
2022-08-20 21:09:05,319 [restartedMain] INFO  o.s.boot.autoconfigure.h2.H2ConsoleAutoConfiguration         : H2 console available at '/h2-console'. Database available at 'jdbc:h2:mem:testdb'
2022-08-20 21:09:05,567 [restartedMain] INFO  org.hibernate.jpa.internal.util.LogHelper                    : HHH000204: Processing PersistenceUnitInfo [name: default]
2022-08-20 21:09:05,601 [restartedMain] INFO  org.hibernate.Version                                        : HHH000412: Hibernate ORM core version 5.4.32.Final
2022-08-20 21:09:05,710 [restartedMain] INFO  org.hibernate.annotations.common.Version                     : HCANN000001: Hibernate Commons Annotations {5.1.2.Final}
2022-08-20 21:09:05,796 [restartedMain] INFO  org.hibernate.dialect.Dialect                                : HHH000400: Using dialect: org.hibernate.dialect.H2Dialect
2022-08-20 21:09:06,250 [restartedMain] INFO  o.h.e.transaction.jta.platform.internal.JtaPlatformInitiator : HHH000490: Using JtaPlatform implementation: [org.hibernate.engine.transaction.jta.platform.internal.NoJtaPlatform]
2022-08-20 21:09:06,257 [restartedMain] INFO  o.s.orm.jpa.LocalContainerEntityManagerFactoryBean           : Initialized JPA EntityManagerFactory for persistence unit 'default'
2022-08-20 21:09:06,365 [restartedMain] WARN  o.s.b.a.orm.jpa.JpaBaseConfiguration$JpaWebConfiguration     : spring.jpa.open-in-view is enabled by default. Therefore, database queries may be performed during view rendering. Explicitly configure spring.jpa.open-in-view to disable this warning
2022-08-20 21:09:07,181 [restartedMain] INFO  o.s.boot.devtools.autoconfigure.OptionalLiveReloadServer     : LiveReload server is running on port 35729
2022-08-20 21:09:07,211 [restartedMain] INFO  org.apache.coyote.http11.Http11NioProtocol                   : Starting ProtocolHandler ["http-nio-8080"]
2022-08-20 21:09:07,229 [restartedMain] INFO  org.springframework.boot.web.embedded.tomcat.TomcatWebServer : Tomcat started on port(s): 8080 (http) with context path ''
2022-08-20 21:09:07,248 [restartedMain] INFO  com.memphis.cafe.MemphiCafeApplication                       : Started MemphiCafeApplication in 4.898 seconds (JVM running for 6.295)
2022-08-20 21:09:12,990 [http-nio-8080-exec-1] INFO  o.a.catalina.core.ContainerBase.[Tomcat].[localhost].[/]     : Initializing Spring DispatcherServlet 'dispatcherServlet'
2022-08-20 21:09:12,990 [http-nio-8080-exec-1] INFO  org.springframework.web.servlet.DispatcherServlet            : Initializing Servlet 'dispatcherServlet'
2022-08-20 21:09:12,992 [http-nio-8080-exec-1] INFO  org.springframework.web.servlet.DispatcherServlet            : Completed initialization in 2 ms
2022-08-20 21:09:13,017 [http-nio-8080-exec-1] INFO  com.memphis.cafe.controllers.MemphisController               : Mostrando la carta para el Cafe Bar - Memphis
2022-08-20 21:11:19,546 [RMI TCP Connection(6)-127.0.0.1] INFO  o.s.b.a.SpringApplicationAdminMXBeanRegistrar$SpringApplicationAdmin : Application shutdown requested.
2022-08-20 21:11:19,570 [RMI TCP Connection(6)-127.0.0.1] INFO  o.s.orm.jpa.LocalContainerEntityManagerFactoryBean           : Closing JPA EntityManagerFactory for persistence unit 'default'
2022-08-20 21:11:19,571 [RMI TCP Connection(6)-127.0.0.1] INFO  o.h.t.s.internal.SchemaDropperImpl$DelayedDropActionImpl     : HHH000477: Starting delayed evictData of schema as part of SessionFactory shut-down'
2022-08-20 21:11:19,792 [RMI TCP Connection(6)-127.0.0.1] WARN  o.s.beans.factory.support.DisposableBeanAdapter              : Invocation of destroy method failed on bean with name 'inMemoryDatabaseShutdownExecutor': org.h2.jdbc.JdbcSQLNonTransientConnectionException: La base de datos ya esta cerrada (para des-habilitar el cerrado automatico durante el shutdown de la VM, agregue ";DB_CLOSE_ON_EXIT=FALSE" a la URL de conexión)
Database is already closed (to disable automatic closing at VM shutdown, add ";DB_CLOSE_ON_EXIT=FALSE" to the db URL) [90121-200]
2022-08-20 21:11:19,795 [RMI TCP Connection(6)-127.0.0.1] INFO  com.zaxxer.hikari.HikariDataSource                           : HikariPool-1 - Shutdown initiated...
2022-08-20 21:11:19,798 [RMI TCP Connection(6)-127.0.0.1] INFO  com.zaxxer.hikari.HikariDataSource                           : HikariPool-1 - Shutdown completed.
2022-08-20 21:11:22,600 [background-preinit] INFO  org.hibernate.validator.internal.util.Version                : HV000001: Hibernate Validator 6.2.0.Final
2022-08-20 21:11:22,609 [restartedMain] INFO  com.memphis.cafe.MemphiCafeApplication                       : Starting MemphiCafeApplication using Java 18.0.1 on MacBook-Air-de-Jose.local with PID 72014 (/Users/joseplasenciavillarejo/git/Memphis_Cafe/target/classes started by joseplasenciavillarejo in /Users/joseplasenciavillarejo/git/Memphis_Cafe)
2022-08-20 21:11:22,610 [restartedMain] INFO  com.memphis.cafe.MemphiCafeApplication                       : No active profile set, falling back to default profiles: default
2022-08-20 21:11:22,693 [restartedMain] INFO  org.springframework.boot.devtools.restart.ChangeableUrls     : The Class-Path manifest attribute in /Users/joseplasenciavillarejo/.m2/repository/com/oracle/database/jdbc/ojdbc8/21.1.0.0/ojdbc8-21.1.0.0.jar referenced one or more files that do not exist: file:/Users/joseplasenciavillarejo/.m2/repository/com/oracle/database/jdbc/ojdbc8/21.1.0.0/oraclepki.jar
2022-08-20 21:11:22,693 [restartedMain] INFO  o.s.boot.devtools.env.DevToolsPropertyDefaultsPostProcessor  : Devtools property defaults active! Set 'spring.devtools.add-properties' to 'false' to disable
2022-08-20 21:11:22,693 [restartedMain] INFO  o.s.boot.devtools.env.DevToolsPropertyDefaultsPostProcessor  : For additional web related logging consider setting the 'logging.level.web' property to 'DEBUG'
2022-08-20 21:11:23,706 [restartedMain] INFO  o.s.data.repository.config.RepositoryConfigurationDelegate   : Bootstrapping Spring Data JPA repositories in DEFAULT mode.
2022-08-20 21:11:23,769 [restartedMain] INFO  o.s.data.repository.config.RepositoryConfigurationDelegate   : Finished Spring Data repository scanning in 57 ms. Found 1 JPA repository interfaces.
2022-08-20 21:11:24,706 [restartedMain] INFO  org.springframework.boot.web.embedded.tomcat.TomcatWebServer : Tomcat initialized with port(s): 8080 (http)
2022-08-20 21:11:24,715 [restartedMain] INFO  org.apache.coyote.http11.Http11NioProtocol                   : Initializing ProtocolHandler ["http-nio-8080"]
2022-08-20 21:11:24,716 [restartedMain] INFO  org.apache.catalina.core.StandardService                     : Starting service [Tomcat]
2022-08-20 21:11:24,716 [restartedMain] INFO  org.apache.catalina.core.StandardEngine                      : Starting Servlet engine: [Apache Tomcat/9.0.50]
2022-08-20 21:11:24,788 [restartedMain] INFO  o.a.catalina.core.ContainerBase.[Tomcat].[localhost].[/]     : Initializing Spring embedded WebApplicationContext
2022-08-20 21:11:24,789 [restartedMain] INFO  o.s.b.web.servlet.context.ServletWebServerApplicationContext : Root WebApplicationContext: initialization completed in 2096 ms
2022-08-20 21:11:24,827 [restartedMain] INFO  com.zaxxer.hikari.HikariDataSource                           : HikariPool-1 - Starting...
2022-08-20 21:11:25,040 [restartedMain] INFO  com.zaxxer.hikari.HikariDataSource                           : HikariPool-1 - Start completed.
2022-08-20 21:11:25,048 [restartedMain] INFO  o.s.boot.autoconfigure.h2.H2ConsoleAutoConfiguration         : H2 console available at '/h2-console'. Database available at 'jdbc:h2:mem:testdb'
2022-08-20 21:11:25,298 [restartedMain] INFO  org.hibernate.jpa.internal.util.LogHelper                    : HHH000204: Processing PersistenceUnitInfo [name: default]
2022-08-20 21:11:25,333 [restartedMain] INFO  org.hibernate.Version                                        : HHH000412: Hibernate ORM core version 5.4.32.Final
2022-08-20 21:11:25,436 [restartedMain] INFO  org.hibernate.annotations.common.Version                     : HCANN000001: Hibernate Commons Annotations {5.1.2.Final}
2022-08-20 21:11:25,531 [restartedMain] INFO  org.hibernate.dialect.Dialect                                : HHH000400: Using dialect: org.hibernate.dialect.H2Dialect
2022-08-20 21:11:26,007 [restartedMain] INFO  o.h.e.transaction.jta.platform.internal.JtaPlatformInitiator : HHH000490: Using JtaPlatform implementation: [org.hibernate.engine.transaction.jta.platform.internal.NoJtaPlatform]
2022-08-20 21:11:26,014 [restartedMain] INFO  o.s.orm.jpa.LocalContainerEntityManagerFactoryBean           : Initialized JPA EntityManagerFactory for persistence unit 'default'
2022-08-20 21:11:26,129 [restartedMain] WARN  o.s.b.a.orm.jpa.JpaBaseConfiguration$JpaWebConfiguration     : spring.jpa.open-in-view is enabled by default. Therefore, database queries may be performed during view rendering. Explicitly configure spring.jpa.open-in-view to disable this warning
2022-08-20 21:11:26,963 [restartedMain] INFO  o.s.boot.devtools.autoconfigure.OptionalLiveReloadServer     : LiveReload server is running on port 35729
2022-08-20 21:11:26,997 [restartedMain] INFO  org.apache.coyote.http11.Http11NioProtocol                   : Starting ProtocolHandler ["http-nio-8080"]
2022-08-20 21:11:27,015 [restartedMain] INFO  org.springframework.boot.web.embedded.tomcat.TomcatWebServer : Tomcat started on port(s): 8080 (http) with context path ''
2022-08-20 21:11:27,033 [restartedMain] INFO  com.memphis.cafe.MemphiCafeApplication                       : Started MemphiCafeApplication in 5.127 seconds (JVM running for 6.592)
2022-08-20 21:11:31,074 [http-nio-8080-exec-1] INFO  o.a.catalina.core.ContainerBase.[Tomcat].[localhost].[/]     : Initializing Spring DispatcherServlet 'dispatcherServlet'
2022-08-20 21:11:31,075 [http-nio-8080-exec-1] INFO  org.springframework.web.servlet.DispatcherServlet            : Initializing Servlet 'dispatcherServlet'
2022-08-20 21:11:31,076 [http-nio-8080-exec-1] INFO  org.springframework.web.servlet.DispatcherServlet            : Completed initialization in 1 ms
2022-08-20 21:11:31,100 [http-nio-8080-exec-1] INFO  com.memphis.cafe.controllers.MemphisController               : Mostrando la carta para el Cafe Bar - Memphis
2022-08-20 21:24:20,414 [RMI TCP Connection(17)-127.0.0.1] INFO  o.s.b.a.SpringApplicationAdminMXBeanRegistrar$SpringApplicationAdmin : Application shutdown requested.
2022-08-20 21:24:20,446 [RMI TCP Connection(17)-127.0.0.1] INFO  o.s.orm.jpa.LocalContainerEntityManagerFactoryBean           : Closing JPA EntityManagerFactory for persistence unit 'default'
2022-08-20 21:24:20,447 [RMI TCP Connection(17)-127.0.0.1] INFO  o.h.t.s.internal.SchemaDropperImpl$DelayedDropActionImpl     : HHH000477: Starting delayed evictData of schema as part of SessionFactory shut-down'
2022-08-20 21:24:20,669 [RMI TCP Connection(17)-127.0.0.1] WARN  o.s.beans.factory.support.DisposableBeanAdapter              : Invocation of destroy method failed on bean with name 'inMemoryDatabaseShutdownExecutor': org.h2.jdbc.JdbcSQLNonTransientConnectionException: La base de datos ya esta cerrada (para des-habilitar el cerrado automatico durante el shutdown de la VM, agregue ";DB_CLOSE_ON_EXIT=FALSE" a la URL de conexión)
Database is already closed (to disable automatic closing at VM shutdown, add ";DB_CLOSE_ON_EXIT=FALSE" to the db URL) [90121-200]
2022-08-20 21:24:20,671 [RMI TCP Connection(17)-127.0.0.1] INFO  com.zaxxer.hikari.HikariDataSource                           : HikariPool-1 - Shutdown initiated...
2022-08-20 21:24:20,675 [RMI TCP Connection(17)-127.0.0.1] INFO  com.zaxxer.hikari.HikariDataSource                           : HikariPool-1 - Shutdown completed.
2022-08-20 21:24:23,384 [background-preinit] INFO  org.hibernate.validator.internal.util.Version                : HV000001: Hibernate Validator 6.2.0.Final
2022-08-20 21:24:23,397 [restartedMain] INFO  com.memphis.cafe.MemphiCafeApplication                       : Starting MemphiCafeApplication using Java 18.0.1 on MacBook-Air-de-Jose.local with PID 72081 (/Users/joseplasenciavillarejo/git/Memphis_Cafe/target/classes started by joseplasenciavillarejo in /Users/joseplasenciavillarejo/git/Memphis_Cafe)
2022-08-20 21:24:23,397 [restartedMain] INFO  com.memphis.cafe.MemphiCafeApplication                       : No active profile set, falling back to default profiles: default
2022-08-20 21:24:23,478 [restartedMain] INFO  org.springframework.boot.devtools.restart.ChangeableUrls     : The Class-Path manifest attribute in /Users/joseplasenciavillarejo/.m2/repository/com/oracle/database/jdbc/ojdbc8/21.1.0.0/ojdbc8-21.1.0.0.jar referenced one or more files that do not exist: file:/Users/joseplasenciavillarejo/.m2/repository/com/oracle/database/jdbc/ojdbc8/21.1.0.0/oraclepki.jar
2022-08-20 21:24:23,479 [restartedMain] INFO  o.s.boot.devtools.env.DevToolsPropertyDefaultsPostProcessor  : Devtools property defaults active! Set 'spring.devtools.add-properties' to 'false' to disable
2022-08-20 21:24:23,479 [restartedMain] INFO  o.s.boot.devtools.env.DevToolsPropertyDefaultsPostProcessor  : For additional web related logging consider setting the 'logging.level.web' property to 'DEBUG'
2022-08-20 21:24:24,415 [restartedMain] INFO  o.s.data.repository.config.RepositoryConfigurationDelegate   : Bootstrapping Spring Data JPA repositories in DEFAULT mode.
2022-08-20 21:24:24,476 [restartedMain] INFO  o.s.data.repository.config.RepositoryConfigurationDelegate   : Finished Spring Data repository scanning in 55 ms. Found 1 JPA repository interfaces.
2022-08-20 21:24:25,370 [restartedMain] INFO  org.springframework.boot.web.embedded.tomcat.TomcatWebServer : Tomcat initialized with port(s): 8080 (http)
2022-08-20 21:24:25,379 [restartedMain] INFO  org.apache.coyote.http11.Http11NioProtocol                   : Initializing ProtocolHandler ["http-nio-8080"]
2022-08-20 21:24:25,380 [restartedMain] INFO  org.apache.catalina.core.StandardService                     : Starting service [Tomcat]
2022-08-20 21:24:25,380 [restartedMain] INFO  org.apache.catalina.core.StandardEngine                      : Starting Servlet engine: [Apache Tomcat/9.0.50]
2022-08-20 21:24:25,448 [restartedMain] INFO  o.a.catalina.core.ContainerBase.[Tomcat].[localhost].[/]     : Initializing Spring embedded WebApplicationContext
2022-08-20 21:24:25,448 [restartedMain] INFO  o.s.b.web.servlet.context.ServletWebServerApplicationContext : Root WebApplicationContext: initialization completed in 1969 ms
2022-08-20 21:24:25,484 [restartedMain] INFO  com.zaxxer.hikari.HikariDataSource                           : HikariPool-1 - Starting...
2022-08-20 21:24:25,684 [restartedMain] INFO  com.zaxxer.hikari.HikariDataSource                           : HikariPool-1 - Start completed.
2022-08-20 21:24:25,691 [restartedMain] INFO  o.s.boot.autoconfigure.h2.H2ConsoleAutoConfiguration         : H2 console available at '/h2-console'. Database available at 'jdbc:h2:mem:testdb'
2022-08-20 21:24:25,931 [restartedMain] INFO  org.hibernate.jpa.internal.util.LogHelper                    : HHH000204: Processing PersistenceUnitInfo [name: default]
2022-08-20 21:24:25,964 [restartedMain] INFO  org.hibernate.Version                                        : HHH000412: Hibernate ORM core version 5.4.32.Final
2022-08-20 21:24:26,066 [restartedMain] INFO  org.hibernate.annotations.common.Version                     : HCANN000001: Hibernate Commons Annotations {5.1.2.Final}
2022-08-20 21:24:26,160 [restartedMain] INFO  org.hibernate.dialect.Dialect                                : HHH000400: Using dialect: org.hibernate.dialect.H2Dialect
2022-08-20 21:24:26,631 [restartedMain] INFO  o.h.e.transaction.jta.platform.internal.JtaPlatformInitiator : HHH000490: Using JtaPlatform implementation: [org.hibernate.engine.transaction.jta.platform.internal.NoJtaPlatform]
2022-08-20 21:24:26,638 [restartedMain] INFO  o.s.orm.jpa.LocalContainerEntityManagerFactoryBean           : Initialized JPA EntityManagerFactory for persistence unit 'default'
2022-08-20 21:24:26,743 [restartedMain] WARN  o.s.b.a.orm.jpa.JpaBaseConfiguration$JpaWebConfiguration     : spring.jpa.open-in-view is enabled by default. Therefore, database queries may be performed during view rendering. Explicitly configure spring.jpa.open-in-view to disable this warning
2022-08-20 21:24:27,564 [restartedMain] INFO  o.s.boot.devtools.autoconfigure.OptionalLiveReloadServer     : LiveReload server is running on port 35729
2022-08-20 21:24:27,595 [restartedMain] INFO  org.apache.coyote.http11.Http11NioProtocol                   : Starting ProtocolHandler ["http-nio-8080"]
2022-08-20 21:24:27,612 [restartedMain] INFO  org.springframework.boot.web.embedded.tomcat.TomcatWebServer : Tomcat started on port(s): 8080 (http) with context path ''
2022-08-20 21:24:27,631 [restartedMain] INFO  com.memphis.cafe.MemphiCafeApplication                       : Started MemphiCafeApplication in 4.917 seconds (JVM running for 6.285)
2022-08-20 21:24:32,582 [http-nio-8080-exec-1] INFO  o.a.catalina.core.ContainerBase.[Tomcat].[localhost].[/]     : Initializing Spring DispatcherServlet 'dispatcherServlet'
2022-08-20 21:24:32,583 [http-nio-8080-exec-1] INFO  org.springframework.web.servlet.DispatcherServlet            : Initializing Servlet 'dispatcherServlet'
2022-08-20 21:24:32,586 [http-nio-8080-exec-1] INFO  org.springframework.web.servlet.DispatcherServlet            : Completed initialization in 3 ms
2022-08-20 21:24:32,610 [http-nio-8080-exec-1] INFO  com.memphis.cafe.controllers.MemphisController               : Mostrando la carta para el Cafe Bar - Memphis
2022-08-20 21:27:26,098 [RMI TCP Connection(6)-127.0.0.1] INFO  o.s.b.a.SpringApplicationAdminMXBeanRegistrar$SpringApplicationAdmin : Application shutdown requested.
2022-08-20 21:27:26,128 [RMI TCP Connection(6)-127.0.0.1] INFO  o.s.orm.jpa.LocalContainerEntityManagerFactoryBean           : Closing JPA EntityManagerFactory for persistence unit 'default'
2022-08-20 21:27:26,129 [RMI TCP Connection(6)-127.0.0.1] INFO  o.h.t.s.internal.SchemaDropperImpl$DelayedDropActionImpl     : HHH000477: Starting delayed evictData of schema as part of SessionFactory shut-down'
2022-08-20 21:27:26,350 [RMI TCP Connection(6)-127.0.0.1] WARN  o.s.beans.factory.support.DisposableBeanAdapter              : Invocation of destroy method failed on bean with name 'inMemoryDatabaseShutdownExecutor': org.h2.jdbc.JdbcSQLNonTransientConnectionException: La base de datos ya esta cerrada (para des-habilitar el cerrado automatico durante el shutdown de la VM, agregue ";DB_CLOSE_ON_EXIT=FALSE" a la URL de conexión)
Database is already closed (to disable automatic closing at VM shutdown, add ";DB_CLOSE_ON_EXIT=FALSE" to the db URL) [90121-200]
2022-08-20 21:27:26,352 [RMI TCP Connection(6)-127.0.0.1] INFO  com.zaxxer.hikari.HikariDataSource                           : HikariPool-1 - Shutdown initiated...
2022-08-20 21:27:26,356 [RMI TCP Connection(6)-127.0.0.1] INFO  com.zaxxer.hikari.HikariDataSource                           : HikariPool-1 - Shutdown completed.
2022-08-20 21:27:29,009 [background-preinit] INFO  org.hibernate.validator.internal.util.Version                : HV000001: Hibernate Validator 6.2.0.Final
2022-08-20 21:27:29,019 [restartedMain] INFO  com.memphis.cafe.MemphiCafeApplication                       : Starting MemphiCafeApplication using Java 18.0.1 on MacBook-Air-de-Jose.local with PID 72097 (/Users/joseplasenciavillarejo/git/Memphis_Cafe/target/classes started by joseplasenciavillarejo in /Users/joseplasenciavillarejo/git/Memphis_Cafe)
2022-08-20 21:27:29,019 [restartedMain] INFO  com.memphis.cafe.MemphiCafeApplication                       : No active profile set, falling back to default profiles: default
2022-08-20 21:27:29,093 [restartedMain] INFO  org.springframework.boot.devtools.restart.ChangeableUrls     : The Class-Path manifest attribute in /Users/joseplasenciavillarejo/.m2/repository/com/oracle/database/jdbc/ojdbc8/21.1.0.0/ojdbc8-21.1.0.0.jar referenced one or more files that do not exist: file:/Users/joseplasenciavillarejo/.m2/repository/com/oracle/database/jdbc/ojdbc8/21.1.0.0/oraclepki.jar
2022-08-20 21:27:29,094 [restartedMain] INFO  o.s.boot.devtools.env.DevToolsPropertyDefaultsPostProcessor  : Devtools property defaults active! Set 'spring.devtools.add-properties' to 'false' to disable
2022-08-20 21:27:29,094 [restartedMain] INFO  o.s.boot.devtools.env.DevToolsPropertyDefaultsPostProcessor  : For additional web related logging consider setting the 'logging.level.web' property to 'DEBUG'
2022-08-20 21:27:30,051 [restartedMain] INFO  o.s.data.repository.config.RepositoryConfigurationDelegate   : Bootstrapping Spring Data JPA repositories in DEFAULT mode.
2022-08-20 21:27:30,114 [restartedMain] INFO  o.s.data.repository.config.RepositoryConfigurationDelegate   : Finished Spring Data repository scanning in 57 ms. Found 1 JPA repository interfaces.
2022-08-20 21:27:31,010 [restartedMain] INFO  org.springframework.boot.web.embedded.tomcat.TomcatWebServer : Tomcat initialized with port(s): 8080 (http)
2022-08-20 21:27:31,020 [restartedMain] INFO  org.apache.coyote.http11.Http11NioProtocol                   : Initializing ProtocolHandler ["http-nio-8080"]
2022-08-20 21:27:31,021 [restartedMain] INFO  org.apache.catalina.core.StandardService                     : Starting service [Tomcat]
2022-08-20 21:27:31,021 [restartedMain] INFO  org.apache.catalina.core.StandardEngine                      : Starting Servlet engine: [Apache Tomcat/9.0.50]
2022-08-20 21:27:31,088 [restartedMain] INFO  o.a.catalina.core.ContainerBase.[Tomcat].[localhost].[/]     : Initializing Spring embedded WebApplicationContext
2022-08-20 21:27:31,089 [restartedMain] INFO  o.s.b.web.servlet.context.ServletWebServerApplicationContext : Root WebApplicationContext: initialization completed in 1995 ms
2022-08-20 21:27:31,127 [restartedMain] INFO  com.zaxxer.hikari.HikariDataSource                           : HikariPool-1 - Starting...
2022-08-20 21:27:31,335 [restartedMain] INFO  com.zaxxer.hikari.HikariDataSource                           : HikariPool-1 - Start completed.
2022-08-20 21:27:31,342 [restartedMain] INFO  o.s.boot.autoconfigure.h2.H2ConsoleAutoConfiguration         : H2 console available at '/h2-console'. Database available at 'jdbc:h2:mem:testdb'
2022-08-20 21:27:31,584 [restartedMain] INFO  org.hibernate.jpa.internal.util.LogHelper                    : HHH000204: Processing PersistenceUnitInfo [name: default]
2022-08-20 21:27:31,618 [restartedMain] INFO  org.hibernate.Version                                        : HHH000412: Hibernate ORM core version 5.4.32.Final
2022-08-20 21:27:31,723 [restartedMain] INFO  org.hibernate.annotations.common.Version                     : HCANN000001: Hibernate Commons Annotations {5.1.2.Final}
2022-08-20 21:27:31,813 [restartedMain] INFO  org.hibernate.dialect.Dialect                                : HHH000400: Using dialect: org.hibernate.dialect.H2Dialect
2022-08-20 21:27:32,280 [restartedMain] INFO  o.h.e.transaction.jta.platform.internal.JtaPlatformInitiator : HHH000490: Using JtaPlatform implementation: [org.hibernate.engine.transaction.jta.platform.internal.NoJtaPlatform]
2022-08-20 21:27:32,287 [restartedMain] INFO  o.s.orm.jpa.LocalContainerEntityManagerFactoryBean           : Initialized JPA EntityManagerFactory for persistence unit 'default'
2022-08-20 21:27:32,396 [restartedMain] WARN  o.s.b.a.orm.jpa.JpaBaseConfiguration$JpaWebConfiguration     : spring.jpa.open-in-view is enabled by default. Therefore, database queries may be performed during view rendering. Explicitly configure spring.jpa.open-in-view to disable this warning
2022-08-20 21:27:33,220 [restartedMain] INFO  o.s.boot.devtools.autoconfigure.OptionalLiveReloadServer     : LiveReload server is running on port 35729
2022-08-20 21:27:33,255 [restartedMain] INFO  org.apache.coyote.http11.Http11NioProtocol                   : Starting ProtocolHandler ["http-nio-8080"]
2022-08-20 21:27:33,272 [restartedMain] INFO  org.springframework.boot.web.embedded.tomcat.TomcatWebServer : Tomcat started on port(s): 8080 (http) with context path ''
2022-08-20 21:27:33,292 [restartedMain] INFO  com.memphis.cafe.MemphiCafeApplication                       : Started MemphiCafeApplication in 4.943 seconds (JVM running for 6.295)
2022-08-20 21:29:48,361 [RMI TCP Connection(6)-127.0.0.1] INFO  o.s.b.a.SpringApplicationAdminMXBeanRegistrar$SpringApplicationAdmin : Application shutdown requested.
2022-08-20 21:29:48,395 [RMI TCP Connection(6)-127.0.0.1] INFO  o.s.orm.jpa.LocalContainerEntityManagerFactoryBean           : Closing JPA EntityManagerFactory for persistence unit 'default'
2022-08-20 21:29:48,396 [RMI TCP Connection(6)-127.0.0.1] INFO  o.h.t.s.internal.SchemaDropperImpl$DelayedDropActionImpl     : HHH000477: Starting delayed evictData of schema as part of SessionFactory shut-down'
2022-08-20 21:29:48,619 [RMI TCP Connection(6)-127.0.0.1] WARN  o.s.beans.factory.support.DisposableBeanAdapter              : Invocation of destroy method failed on bean with name 'inMemoryDatabaseShutdownExecutor': org.h2.jdbc.JdbcSQLNonTransientConnectionException: La base de datos ya esta cerrada (para des-habilitar el cerrado automatico durante el shutdown de la VM, agregue ";DB_CLOSE_ON_EXIT=FALSE" a la URL de conexión)
Database is already closed (to disable automatic closing at VM shutdown, add ";DB_CLOSE_ON_EXIT=FALSE" to the db URL) [90121-200]
2022-08-20 21:29:48,622 [RMI TCP Connection(6)-127.0.0.1] INFO  com.zaxxer.hikari.HikariDataSource                           : HikariPool-1 - Shutdown initiated...
2022-08-20 21:29:48,626 [RMI TCP Connection(6)-127.0.0.1] INFO  com.zaxxer.hikari.HikariDataSource                           : HikariPool-1 - Shutdown completed.
2022-08-20 21:29:51,301 [background-preinit] INFO  org.hibernate.validator.internal.util.Version                : HV000001: Hibernate Validator 6.2.0.Final
2022-08-20 21:29:51,312 [restartedMain] INFO  com.memphis.cafe.MemphiCafeApplication                       : Starting MemphiCafeApplication using Java 18.0.1 on MacBook-Air-de-Jose.local with PID 72104 (/Users/joseplasenciavillarejo/git/Memphis_Cafe/target/classes started by joseplasenciavillarejo in /Users/joseplasenciavillarejo/git/Memphis_Cafe)
2022-08-20 21:29:51,313 [restartedMain] INFO  com.memphis.cafe.MemphiCafeApplication                       : No active profile set, falling back to default profiles: default
2022-08-20 21:29:51,391 [restartedMain] INFO  org.springframework.boot.devtools.restart.ChangeableUrls     : The Class-Path manifest attribute in /Users/joseplasenciavillarejo/.m2/repository/com/oracle/database/jdbc/ojdbc8/21.1.0.0/ojdbc8-21.1.0.0.jar referenced one or more files that do not exist: file:/Users/joseplasenciavillarejo/.m2/repository/com/oracle/database/jdbc/ojdbc8/21.1.0.0/oraclepki.jar
2022-08-20 21:29:51,392 [restartedMain] INFO  o.s.boot.devtools.env.DevToolsPropertyDefaultsPostProcessor  : Devtools property defaults active! Set 'spring.devtools.add-properties' to 'false' to disable
2022-08-20 21:29:51,393 [restartedMain] INFO  o.s.boot.devtools.env.DevToolsPropertyDefaultsPostProcessor  : For additional web related logging consider setting the 'logging.level.web' property to 'DEBUG'
2022-08-20 21:29:52,355 [restartedMain] INFO  o.s.data.repository.config.RepositoryConfigurationDelegate   : Bootstrapping Spring Data JPA repositories in DEFAULT mode.
2022-08-20 21:29:52,418 [restartedMain] INFO  o.s.data.repository.config.RepositoryConfigurationDelegate   : Finished Spring Data repository scanning in 56 ms. Found 1 JPA repository interfaces.
2022-08-20 21:29:53,321 [restartedMain] INFO  org.springframework.boot.web.embedded.tomcat.TomcatWebServer : Tomcat initialized with port(s): 8080 (http)
2022-08-20 21:29:53,330 [restartedMain] INFO  org.apache.coyote.http11.Http11NioProtocol                   : Initializing ProtocolHandler ["http-nio-8080"]
2022-08-20 21:29:53,331 [restartedMain] INFO  org.apache.catalina.core.StandardService                     : Starting service [Tomcat]
2022-08-20 21:29:53,331 [restartedMain] INFO  org.apache.catalina.core.StandardEngine                      : Starting Servlet engine: [Apache Tomcat/9.0.50]
2022-08-20 21:29:53,398 [restartedMain] INFO  o.a.catalina.core.ContainerBase.[Tomcat].[localhost].[/]     : Initializing Spring embedded WebApplicationContext
2022-08-20 21:29:53,398 [restartedMain] INFO  o.s.b.web.servlet.context.ServletWebServerApplicationContext : Root WebApplicationContext: initialization completed in 2005 ms
2022-08-20 21:29:53,435 [restartedMain] INFO  com.zaxxer.hikari.HikariDataSource                           : HikariPool-1 - Starting...
2022-08-20 21:29:53,645 [restartedMain] INFO  com.zaxxer.hikari.HikariDataSource                           : HikariPool-1 - Start completed.
2022-08-20 21:29:53,653 [restartedMain] INFO  o.s.boot.autoconfigure.h2.H2ConsoleAutoConfiguration         : H2 console available at '/h2-console'. Database available at 'jdbc:h2:mem:testdb'
2022-08-20 21:29:53,895 [restartedMain] INFO  org.hibernate.jpa.internal.util.LogHelper                    : HHH000204: Processing PersistenceUnitInfo [name: default]
2022-08-20 21:29:53,929 [restartedMain] INFO  org.hibernate.Version                                        : HHH000412: Hibernate ORM core version 5.4.32.Final
2022-08-20 21:29:54,037 [restartedMain] INFO  org.hibernate.annotations.common.Version                     : HCANN000001: Hibernate Commons Annotations {5.1.2.Final}
2022-08-20 21:29:54,125 [restartedMain] INFO  org.hibernate.dialect.Dialect                                : HHH000400: Using dialect: org.hibernate.dialect.H2Dialect
2022-08-20 21:29:54,593 [restartedMain] INFO  o.h.e.transaction.jta.platform.internal.JtaPlatformInitiator : HHH000490: Using JtaPlatform implementation: [org.hibernate.engine.transaction.jta.platform.internal.NoJtaPlatform]
2022-08-20 21:29:54,600 [restartedMain] INFO  o.s.orm.jpa.LocalContainerEntityManagerFactoryBean           : Initialized JPA EntityManagerFactory for persistence unit 'default'
2022-08-20 21:29:54,708 [restartedMain] WARN  o.s.b.a.orm.jpa.JpaBaseConfiguration$JpaWebConfiguration     : spring.jpa.open-in-view is enabled by default. Therefore, database queries may be performed during view rendering. Explicitly configure spring.jpa.open-in-view to disable this warning
2022-08-20 21:29:55,516 [restartedMain] INFO  o.s.boot.devtools.autoconfigure.OptionalLiveReloadServer     : LiveReload server is running on port 35729
2022-08-20 21:29:55,554 [restartedMain] INFO  org.apache.coyote.http11.Http11NioProtocol                   : Starting ProtocolHandler ["http-nio-8080"]
2022-08-20 21:29:55,572 [restartedMain] INFO  org.springframework.boot.web.embedded.tomcat.TomcatWebServer : Tomcat started on port(s): 8080 (http) with context path ''
2022-08-20 21:29:55,589 [restartedMain] INFO  com.memphis.cafe.MemphiCafeApplication                       : Started MemphiCafeApplication in 4.951 seconds (JVM running for 6.32)
2022-08-20 21:30:01,002 [http-nio-8080-exec-1] INFO  o.a.catalina.core.ContainerBase.[Tomcat].[localhost].[/]     : Initializing Spring DispatcherServlet 'dispatcherServlet'
2022-08-20 21:30:01,002 [http-nio-8080-exec-1] INFO  org.springframework.web.servlet.DispatcherServlet            : Initializing Servlet 'dispatcherServlet'
2022-08-20 21:30:01,004 [http-nio-8080-exec-1] INFO  org.springframework.web.servlet.DispatcherServlet            : Completed initialization in 2 ms
2022-08-20 21:30:01,028 [http-nio-8080-exec-1] INFO  com.memphis.cafe.controllers.MemphisController               : Mostrando la carta para el Cafe Bar - Memphis
2022-08-20 21:36:38,167 [RMI TCP Connection(10)-127.0.0.1] INFO  o.s.b.a.SpringApplicationAdminMXBeanRegistrar$SpringApplicationAdmin : Application shutdown requested.
2022-08-20 21:36:38,196 [RMI TCP Connection(10)-127.0.0.1] INFO  o.s.orm.jpa.LocalContainerEntityManagerFactoryBean           : Closing JPA EntityManagerFactory for persistence unit 'default'
2022-08-20 21:36:38,196 [RMI TCP Connection(10)-127.0.0.1] INFO  o.h.t.s.internal.SchemaDropperImpl$DelayedDropActionImpl     : HHH000477: Starting delayed evictData of schema as part of SessionFactory shut-down'
2022-08-20 21:36:38,414 [RMI TCP Connection(10)-127.0.0.1] WARN  o.s.beans.factory.support.DisposableBeanAdapter              : Invocation of destroy method failed on bean with name 'inMemoryDatabaseShutdownExecutor': org.h2.jdbc.JdbcSQLNonTransientConnectionException: La base de datos ya esta cerrada (para des-habilitar el cerrado automatico durante el shutdown de la VM, agregue ";DB_CLOSE_ON_EXIT=FALSE" a la URL de conexión)
Database is already closed (to disable automatic closing at VM shutdown, add ";DB_CLOSE_ON_EXIT=FALSE" to the db URL) [90121-200]
2022-08-20 21:36:38,416 [RMI TCP Connection(10)-127.0.0.1] INFO  com.zaxxer.hikari.HikariDataSource                           : HikariPool-1 - Shutdown initiated...
2022-08-20 21:36:38,420 [RMI TCP Connection(10)-127.0.0.1] INFO  com.zaxxer.hikari.HikariDataSource                           : HikariPool-1 - Shutdown completed.
2022-08-20 21:36:41,059 [background-preinit] INFO  org.hibernate.validator.internal.util.Version                : HV000001: Hibernate Validator 6.2.0.Final
2022-08-20 21:36:41,073 [restartedMain] INFO  com.memphis.cafe.MemphiCafeApplication                       : Starting MemphiCafeApplication using Java 18.0.1 on MacBook-Air-de-Jose.local with PID 72133 (/Users/joseplasenciavillarejo/git/Memphis_Cafe/target/classes started by joseplasenciavillarejo in /Users/joseplasenciavillarejo/git/Memphis_Cafe)
2022-08-20 21:36:41,074 [restartedMain] INFO  com.memphis.cafe.MemphiCafeApplication                       : No active profile set, falling back to default profiles: default
2022-08-20 21:36:41,147 [restartedMain] INFO  org.springframework.boot.devtools.restart.ChangeableUrls     : The Class-Path manifest attribute in /Users/joseplasenciavillarejo/.m2/repository/com/oracle/database/jdbc/ojdbc8/21.1.0.0/ojdbc8-21.1.0.0.jar referenced one or more files that do not exist: file:/Users/joseplasenciavillarejo/.m2/repository/com/oracle/database/jdbc/ojdbc8/21.1.0.0/oraclepki.jar
2022-08-20 21:36:41,148 [restartedMain] INFO  o.s.boot.devtools.env.DevToolsPropertyDefaultsPostProcessor  : Devtools property defaults active! Set 'spring.devtools.add-properties' to 'false' to disable
2022-08-20 21:36:41,148 [restartedMain] INFO  o.s.boot.devtools.env.DevToolsPropertyDefaultsPostProcessor  : For additional web related logging consider setting the 'logging.level.web' property to 'DEBUG'
2022-08-20 21:36:42,067 [restartedMain] INFO  o.s.data.repository.config.RepositoryConfigurationDelegate   : Bootstrapping Spring Data JPA repositories in DEFAULT mode.
2022-08-20 21:36:42,126 [restartedMain] INFO  o.s.data.repository.config.RepositoryConfigurationDelegate   : Finished Spring Data repository scanning in 53 ms. Found 1 JPA repository interfaces.
2022-08-20 21:36:43,005 [restartedMain] INFO  org.springframework.boot.web.embedded.tomcat.TomcatWebServer : Tomcat initialized with port(s): 8080 (http)
2022-08-20 21:36:43,014 [restartedMain] INFO  org.apache.coyote.http11.Http11NioProtocol                   : Initializing ProtocolHandler ["http-nio-8080"]
2022-08-20 21:36:43,015 [restartedMain] INFO  org.apache.catalina.core.StandardService                     : Starting service [Tomcat]
2022-08-20 21:36:43,016 [restartedMain] INFO  org.apache.catalina.core.StandardEngine                      : Starting Servlet engine: [Apache Tomcat/9.0.50]
2022-08-20 21:36:43,086 [restartedMain] INFO  o.a.catalina.core.ContainerBase.[Tomcat].[localhost].[/]     : Initializing Spring embedded WebApplicationContext
2022-08-20 21:36:43,086 [restartedMain] INFO  o.s.b.web.servlet.context.ServletWebServerApplicationContext : Root WebApplicationContext: initialization completed in 1938 ms
2022-08-20 21:36:43,122 [restartedMain] INFO  com.zaxxer.hikari.HikariDataSource                           : HikariPool-1 - Starting...
2022-08-20 21:36:43,328 [restartedMain] INFO  com.zaxxer.hikari.HikariDataSource                           : HikariPool-1 - Start completed.
2022-08-20 21:36:43,335 [restartedMain] INFO  o.s.boot.autoconfigure.h2.H2ConsoleAutoConfiguration         : H2 console available at '/h2-console'. Database available at 'jdbc:h2:mem:testdb'
2022-08-20 21:36:43,580 [restartedMain] INFO  org.hibernate.jpa.internal.util.LogHelper                    : HHH000204: Processing PersistenceUnitInfo [name: default]
2022-08-20 21:36:43,616 [restartedMain] INFO  org.hibernate.Version                                        : HHH000412: Hibernate ORM core version 5.4.32.Final
2022-08-20 21:36:43,720 [restartedMain] INFO  org.hibernate.annotations.common.Version                     : HCANN000001: Hibernate Commons Annotations {5.1.2.Final}
2022-08-20 21:36:43,807 [restartedMain] INFO  org.hibernate.dialect.Dialect                                : HHH000400: Using dialect: org.hibernate.dialect.H2Dialect
2022-08-20 21:36:44,270 [restartedMain] INFO  o.h.e.transaction.jta.platform.internal.JtaPlatformInitiator : HHH000490: Using JtaPlatform implementation: [org.hibernate.engine.transaction.jta.platform.internal.NoJtaPlatform]
2022-08-20 21:36:44,277 [restartedMain] INFO  o.s.orm.jpa.LocalContainerEntityManagerFactoryBean           : Initialized JPA EntityManagerFactory for persistence unit 'default'
2022-08-20 21:36:44,382 [restartedMain] WARN  o.s.b.a.orm.jpa.JpaBaseConfiguration$JpaWebConfiguration     : spring.jpa.open-in-view is enabled by default. Therefore, database queries may be performed during view rendering. Explicitly configure spring.jpa.open-in-view to disable this warning
2022-08-20 21:36:45,185 [restartedMain] INFO  o.s.boot.devtools.autoconfigure.OptionalLiveReloadServer     : LiveReload server is running on port 35729
2022-08-20 21:36:45,214 [restartedMain] INFO  org.apache.coyote.http11.Http11NioProtocol                   : Starting ProtocolHandler ["http-nio-8080"]
2022-08-20 21:36:45,231 [restartedMain] INFO  org.springframework.boot.web.embedded.tomcat.TomcatWebServer : Tomcat started on port(s): 8080 (http) with context path ''
2022-08-20 21:36:45,251 [restartedMain] INFO  com.memphis.cafe.MemphiCafeApplication                       : Started MemphiCafeApplication in 4.85 seconds (JVM running for 6.162)
2022-08-20 21:37:39,895 [http-nio-8080-exec-1] INFO  o.a.catalina.core.ContainerBase.[Tomcat].[localhost].[/]     : Initializing Spring DispatcherServlet 'dispatcherServlet'
2022-08-20 21:37:39,895 [http-nio-8080-exec-1] INFO  org.springframework.web.servlet.DispatcherServlet            : Initializing Servlet 'dispatcherServlet'
2022-08-20 21:37:39,897 [http-nio-8080-exec-1] INFO  org.springframework.web.servlet.DispatcherServlet            : Completed initialization in 2 ms
2022-08-20 21:37:39,915 [http-nio-8080-exec-1] INFO  com.memphis.cafe.controllers.MemphisController               : Mostrando la carta para el Cafe Bar - Memphis
2022-08-20 21:42:42,798 [RMI TCP Connection(8)-127.0.0.1] INFO  o.s.b.a.SpringApplicationAdminMXBeanRegistrar$SpringApplicationAdmin : Application shutdown requested.
2022-08-20 21:42:42,829 [RMI TCP Connection(8)-127.0.0.1] INFO  o.s.orm.jpa.LocalContainerEntityManagerFactoryBean           : Closing JPA EntityManagerFactory for persistence unit 'default'
2022-08-20 21:42:42,829 [RMI TCP Connection(8)-127.0.0.1] INFO  o.h.t.s.internal.SchemaDropperImpl$DelayedDropActionImpl     : HHH000477: Starting delayed evictData of schema as part of SessionFactory shut-down'
2022-08-20 21:42:43,049 [RMI TCP Connection(8)-127.0.0.1] WARN  o.s.beans.factory.support.DisposableBeanAdapter              : Invocation of destroy method failed on bean with name 'inMemoryDatabaseShutdownExecutor': org.h2.jdbc.JdbcSQLNonTransientConnectionException: La base de datos ya esta cerrada (para des-habilitar el cerrado automatico durante el shutdown de la VM, agregue ";DB_CLOSE_ON_EXIT=FALSE" a la URL de conexión)
Database is already closed (to disable automatic closing at VM shutdown, add ";DB_CLOSE_ON_EXIT=FALSE" to the db URL) [90121-200]
2022-08-20 21:42:43,052 [RMI TCP Connection(8)-127.0.0.1] INFO  com.zaxxer.hikari.HikariDataSource                           : HikariPool-1 - Shutdown initiated...
2022-08-20 21:42:43,057 [RMI TCP Connection(8)-127.0.0.1] INFO  com.zaxxer.hikari.HikariDataSource                           : HikariPool-1 - Shutdown completed.
2022-08-20 21:42:45,028 [background-preinit] INFO  org.hibernate.validator.internal.util.Version                : HV000001: Hibernate Validator 6.2.0.Final
2022-08-20 21:42:45,033 [restartedMain] INFO  com.memphis.cafe.MemphiCafeApplication                       : Starting MemphiCafeApplication using Java 18.0.1 on MacBook-Air-de-Jose.local with PID 72152 (/Users/joseplasenciavillarejo/git/Memphis_Cafe/target/classes started by joseplasenciavillarejo in /Users/joseplasenciavillarejo/git/Memphis_Cafe)
2022-08-20 21:42:45,034 [restartedMain] INFO  com.memphis.cafe.MemphiCafeApplication                       : No active profile set, falling back to default profiles: default
2022-08-20 21:42:45,080 [restartedMain] INFO  org.springframework.boot.devtools.restart.ChangeableUrls     : The Class-Path manifest attribute in /Users/joseplasenciavillarejo/.m2/repository/com/oracle/database/jdbc/ojdbc8/21.1.0.0/ojdbc8-21.1.0.0.jar referenced one or more files that do not exist: file:/Users/joseplasenciavillarejo/.m2/repository/com/oracle/database/jdbc/ojdbc8/21.1.0.0/oraclepki.jar
2022-08-20 21:42:45,080 [restartedMain] INFO  o.s.boot.devtools.env.DevToolsPropertyDefaultsPostProcessor  : Devtools property defaults active! Set 'spring.devtools.add-properties' to 'false' to disable
2022-08-20 21:42:45,080 [restartedMain] INFO  o.s.boot.devtools.env.DevToolsPropertyDefaultsPostProcessor  : For additional web related logging consider setting the 'logging.level.web' property to 'DEBUG'
2022-08-20 21:42:45,711 [restartedMain] INFO  o.s.data.repository.config.RepositoryConfigurationDelegate   : Bootstrapping Spring Data JPA repositories in DEFAULT mode.
2022-08-20 21:42:45,749 [restartedMain] INFO  o.s.data.repository.config.RepositoryConfigurationDelegate   : Finished Spring Data repository scanning in 34 ms. Found 1 JPA repository interfaces.
2022-08-20 21:42:46,330 [restartedMain] INFO  org.springframework.boot.web.embedded.tomcat.TomcatWebServer : Tomcat initialized with port(s): 8080 (http)
2022-08-20 21:42:46,344 [restartedMain] INFO  org.apache.coyote.http11.Http11NioProtocol                   : Initializing ProtocolHandler ["http-nio-8080"]
2022-08-20 21:42:46,345 [restartedMain] INFO  org.apache.catalina.core.StandardService                     : Starting service [Tomcat]
2022-08-20 21:42:46,345 [restartedMain] INFO  org.apache.catalina.core.StandardEngine                      : Starting Servlet engine: [Apache Tomcat/9.0.50]
2022-08-20 21:42:46,388 [restartedMain] INFO  o.a.catalina.core.ContainerBase.[Tomcat].[localhost].[/]     : Initializing Spring embedded WebApplicationContext
2022-08-20 21:42:46,389 [restartedMain] INFO  o.s.b.web.servlet.context.ServletWebServerApplicationContext : Root WebApplicationContext: initialization completed in 1308 ms
2022-08-20 21:42:46,420 [restartedMain] INFO  com.zaxxer.hikari.HikariDataSource                           : HikariPool-1 - Starting...
2022-08-20 21:42:46,537 [restartedMain] INFO  com.zaxxer.hikari.HikariDataSource                           : HikariPool-1 - Start completed.
2022-08-20 21:42:46,542 [restartedMain] INFO  o.s.boot.autoconfigure.h2.H2ConsoleAutoConfiguration         : H2 console available at '/h2-console'. Database available at 'jdbc:h2:mem:testdb'
2022-08-20 21:42:46,690 [restartedMain] INFO  org.hibernate.jpa.internal.util.LogHelper                    : HHH000204: Processing PersistenceUnitInfo [name: default]
2022-08-20 21:42:46,712 [restartedMain] INFO  org.hibernate.Version                                        : HHH000412: Hibernate ORM core version 5.4.32.Final
2022-08-20 21:42:46,777 [restartedMain] INFO  org.hibernate.annotations.common.Version                     : HCANN000001: Hibernate Commons Annotations {5.1.2.Final}
2022-08-20 21:42:46,832 [restartedMain] INFO  org.hibernate.dialect.Dialect                                : HHH000400: Using dialect: org.hibernate.dialect.H2Dialect
2022-08-20 21:42:47,117 [restartedMain] INFO  o.h.e.transaction.jta.platform.internal.JtaPlatformInitiator : HHH000490: Using JtaPlatform implementation: [org.hibernate.engine.transaction.jta.platform.internal.NoJtaPlatform]
2022-08-20 21:42:47,122 [restartedMain] INFO  o.s.orm.jpa.LocalContainerEntityManagerFactoryBean           : Initialized JPA EntityManagerFactory for persistence unit 'default'
2022-08-20 21:42:47,200 [restartedMain] WARN  o.s.b.a.orm.jpa.JpaBaseConfiguration$JpaWebConfiguration     : spring.jpa.open-in-view is enabled by default. Therefore, database queries may be performed during view rendering. Explicitly configure spring.jpa.open-in-view to disable this warning
2022-08-20 21:42:47,723 [restartedMain] INFO  o.s.boot.devtools.autoconfigure.OptionalLiveReloadServer     : LiveReload server is running on port 35729
2022-08-20 21:42:47,743 [restartedMain] INFO  org.apache.coyote.http11.Http11NioProtocol                   : Starting ProtocolHandler ["http-nio-8080"]
2022-08-20 21:42:47,754 [restartedMain] INFO  org.springframework.boot.web.embedded.tomcat.TomcatWebServer : Tomcat started on port(s): 8080 (http) with context path ''
2022-08-20 21:42:47,769 [restartedMain] INFO  com.memphis.cafe.MemphiCafeApplication                       : Started MemphiCafeApplication in 3.181 seconds (JVM running for 4.081)
2022-08-20 21:42:50,350 [http-nio-8080-exec-1] INFO  o.a.catalina.core.ContainerBase.[Tomcat].[localhost].[/]     : Initializing Spring DispatcherServlet 'dispatcherServlet'
2022-08-20 21:42:50,351 [http-nio-8080-exec-1] INFO  org.springframework.web.servlet.DispatcherServlet            : Initializing Servlet 'dispatcherServlet'
2022-08-20 21:42:50,353 [http-nio-8080-exec-1] INFO  org.springframework.web.servlet.DispatcherServlet            : Completed initialization in 2 ms
2022-08-20 21:42:50,371 [http-nio-8080-exec-1] INFO  com.memphis.cafe.controllers.MemphisController               : Mostrando la carta para el Cafe Bar - Memphis
2022-08-20 21:43:08,929 [RMI TCP Connection(2)-127.0.0.1] INFO  o.s.b.a.SpringApplicationAdminMXBeanRegistrar$SpringApplicationAdmin : Application shutdown requested.
2022-08-20 21:43:08,957 [RMI TCP Connection(2)-127.0.0.1] INFO  o.s.orm.jpa.LocalContainerEntityManagerFactoryBean           : Closing JPA EntityManagerFactory for persistence unit 'default'
2022-08-20 21:43:08,958 [RMI TCP Connection(2)-127.0.0.1] INFO  o.h.t.s.internal.SchemaDropperImpl$DelayedDropActionImpl     : HHH000477: Starting delayed evictData of schema as part of SessionFactory shut-down'
2022-08-20 21:43:09,178 [RMI TCP Connection(2)-127.0.0.1] WARN  o.s.beans.factory.support.DisposableBeanAdapter              : Invocation of destroy method failed on bean with name 'inMemoryDatabaseShutdownExecutor': org.h2.jdbc.JdbcSQLNonTransientConnectionException: La base de datos ya esta cerrada (para des-habilitar el cerrado automatico durante el shutdown de la VM, agregue ";DB_CLOSE_ON_EXIT=FALSE" a la URL de conexión)
Database is already closed (to disable automatic closing at VM shutdown, add ";DB_CLOSE_ON_EXIT=FALSE" to the db URL) [90121-200]
2022-08-20 21:43:09,180 [RMI TCP Connection(2)-127.0.0.1] INFO  com.zaxxer.hikari.HikariDataSource                           : HikariPool-1 - Shutdown initiated...
2022-08-20 21:43:09,186 [RMI TCP Connection(2)-127.0.0.1] INFO  com.zaxxer.hikari.HikariDataSource                           : HikariPool-1 - Shutdown completed.
2022-08-20 21:43:10,999 [background-preinit] INFO  org.hibernate.validator.internal.util.Version                : HV000001: Hibernate Validator 6.2.0.Final
2022-08-20 21:43:11,006 [restartedMain] INFO  com.memphis.cafe.MemphiCafeApplication                       : Starting MemphiCafeApplication using Java 18.0.1 on MacBook-Air-de-Jose.local with PID 72153 (/Users/joseplasenciavillarejo/git/Memphis_Cafe/target/classes started by joseplasenciavillarejo in /Users/joseplasenciavillarejo/git/Memphis_Cafe)
2022-08-20 21:43:11,006 [restartedMain] INFO  com.memphis.cafe.MemphiCafeApplication                       : No active profile set, falling back to default profiles: default
2022-08-20 21:43:11,053 [restartedMain] INFO  org.springframework.boot.devtools.restart.ChangeableUrls     : The Class-Path manifest attribute in /Users/joseplasenciavillarejo/.m2/repository/com/oracle/database/jdbc/ojdbc8/21.1.0.0/ojdbc8-21.1.0.0.jar referenced one or more files that do not exist: file:/Users/joseplasenciavillarejo/.m2/repository/com/oracle/database/jdbc/ojdbc8/21.1.0.0/oraclepki.jar
2022-08-20 21:43:11,053 [restartedMain] INFO  o.s.boot.devtools.env.DevToolsPropertyDefaultsPostProcessor  : Devtools property defaults active! Set 'spring.devtools.add-properties' to 'false' to disable
2022-08-20 21:43:11,053 [restartedMain] INFO  o.s.boot.devtools.env.DevToolsPropertyDefaultsPostProcessor  : For additional web related logging consider setting the 'logging.level.web' property to 'DEBUG'
2022-08-20 21:43:11,664 [restartedMain] INFO  o.s.data.repository.config.RepositoryConfigurationDelegate   : Bootstrapping Spring Data JPA repositories in DEFAULT mode.
2022-08-20 21:43:11,702 [restartedMain] INFO  o.s.data.repository.config.RepositoryConfigurationDelegate   : Finished Spring Data repository scanning in 33 ms. Found 1 JPA repository interfaces.
2022-08-20 21:43:12,266 [restartedMain] INFO  org.springframework.boot.web.embedded.tomcat.TomcatWebServer : Tomcat initialized with port(s): 8080 (http)
2022-08-20 21:43:12,272 [restartedMain] INFO  org.apache.coyote.http11.Http11NioProtocol                   : Initializing ProtocolHandler ["http-nio-8080"]
2022-08-20 21:43:12,272 [restartedMain] INFO  org.apache.catalina.core.StandardService                     : Starting service [Tomcat]
2022-08-20 21:43:12,272 [restartedMain] INFO  org.apache.catalina.core.StandardEngine                      : Starting Servlet engine: [Apache Tomcat/9.0.50]
2022-08-20 21:43:12,313 [restartedMain] INFO  o.a.catalina.core.ContainerBase.[Tomcat].[localhost].[/]     : Initializing Spring embedded WebApplicationContext
2022-08-20 21:43:12,314 [restartedMain] INFO  o.s.b.web.servlet.context.ServletWebServerApplicationContext : Root WebApplicationContext: initialization completed in 1261 ms
2022-08-20 21:43:12,338 [restartedMain] INFO  com.zaxxer.hikari.HikariDataSource                           : HikariPool-1 - Starting...
2022-08-20 21:43:12,468 [restartedMain] INFO  com.zaxxer.hikari.HikariDataSource                           : HikariPool-1 - Start completed.
2022-08-20 21:43:12,473 [restartedMain] INFO  o.s.boot.autoconfigure.h2.H2ConsoleAutoConfiguration         : H2 console available at '/h2-console'. Database available at 'jdbc:h2:mem:testdb'
2022-08-20 21:43:12,623 [restartedMain] INFO  org.hibernate.jpa.internal.util.LogHelper                    : HHH000204: Processing PersistenceUnitInfo [name: default]
2022-08-20 21:43:12,643 [restartedMain] INFO  org.hibernate.Version                                        : HHH000412: Hibernate ORM core version 5.4.32.Final
2022-08-20 21:43:12,705 [restartedMain] INFO  org.hibernate.annotations.common.Version                     : HCANN000001: Hibernate Commons Annotations {5.1.2.Final}
2022-08-20 21:43:12,766 [restartedMain] INFO  org.hibernate.dialect.Dialect                                : HHH000400: Using dialect: org.hibernate.dialect.H2Dialect
2022-08-20 21:43:13,053 [restartedMain] INFO  o.h.e.transaction.jta.platform.internal.JtaPlatformInitiator : HHH000490: Using JtaPlatform implementation: [org.hibernate.engine.transaction.jta.platform.internal.NoJtaPlatform]
2022-08-20 21:43:13,057 [restartedMain] INFO  o.s.orm.jpa.LocalContainerEntityManagerFactoryBean           : Initialized JPA EntityManagerFactory for persistence unit 'default'
2022-08-20 21:43:13,132 [restartedMain] WARN  o.s.b.a.orm.jpa.JpaBaseConfiguration$JpaWebConfiguration     : spring.jpa.open-in-view is enabled by default. Therefore, database queries may be performed during view rendering. Explicitly configure spring.jpa.open-in-view to disable this warning
2022-08-20 21:43:13,647 [restartedMain] INFO  o.s.boot.devtools.autoconfigure.OptionalLiveReloadServer     : LiveReload server is running on port 35729
2022-08-20 21:43:13,666 [restartedMain] INFO  org.apache.coyote.http11.Http11NioProtocol                   : Starting ProtocolHandler ["http-nio-8080"]
2022-08-20 21:43:13,677 [restartedMain] INFO  org.springframework.boot.web.embedded.tomcat.TomcatWebServer : Tomcat started on port(s): 8080 (http) with context path ''
2022-08-20 21:43:13,689 [restartedMain] INFO  com.memphis.cafe.MemphiCafeApplication                       : Started MemphiCafeApplication in 3.126 seconds (JVM running for 3.868)
2022-08-20 21:43:16,505 [http-nio-8080-exec-1] INFO  o.a.catalina.core.ContainerBase.[Tomcat].[localhost].[/]     : Initializing Spring DispatcherServlet 'dispatcherServlet'
2022-08-20 21:43:16,505 [http-nio-8080-exec-1] INFO  org.springframework.web.servlet.DispatcherServlet            : Initializing Servlet 'dispatcherServlet'
2022-08-20 21:43:16,508 [http-nio-8080-exec-1] INFO  org.springframework.web.servlet.DispatcherServlet            : Completed initialization in 3 ms
2022-08-20 21:43:16,527 [http-nio-8080-exec-1] INFO  com.memphis.cafe.controllers.MemphisController               : Mostrando la carta para el Cafe Bar - Memphis
