2022-09-09 23:45:58,050 [background-preinit] INFO  org.hibernate.validator.internal.util.Version                : HV000001: Hibernate Validator 6.2.0.Final
2022-09-09 23:45:58,054 [restartedMain] INFO  com.memphis.cafe.MemphiCafeApplication                       : Starting MemphiCafeApplication using Java 18.0.1 on MacBook-Air-de-Jose.local with PID 41206 (/Users/joseplasenciavillarejo/git/Memphis_Cafe/target/classes started by joseplasenciavillarejo in /Users/joseplasenciavillarejo/git/Memphis_Cafe)
2022-09-09 23:45:58,054 [restartedMain] INFO  com.memphis.cafe.MemphiCafeApplication                       : No active profile set, falling back to default profiles: default
2022-09-09 23:45:58,134 [restartedMain] INFO  o.s.boot.devtools.env.DevToolsPropertyDefaultsPostProcessor  : Devtools property defaults active! Set 'spring.devtools.add-properties' to 'false' to disable
2022-09-09 23:45:58,135 [restartedMain] INFO  o.s.boot.devtools.env.DevToolsPropertyDefaultsPostProcessor  : For additional web related logging consider setting the 'logging.level.web' property to 'DEBUG'
2022-09-09 23:45:59,086 [restartedMain] INFO  o.s.data.repository.config.RepositoryConfigurationDelegate   : Bootstrapping Spring Data JPA repositories in DEFAULT mode.
2022-09-09 23:45:59,148 [restartedMain] INFO  o.s.data.repository.config.RepositoryConfigurationDelegate   : Finished Spring Data repository scanning in 55 ms. Found 1 JPA repository interfaces.
2022-09-09 23:46:00,022 [restartedMain] INFO  org.springframework.boot.web.embedded.tomcat.TomcatWebServer : Tomcat initialized with port(s): 8080 (http)
2022-09-09 23:46:00,031 [restartedMain] INFO  org.apache.coyote.http11.Http11NioProtocol                   : Initializing ProtocolHandler ["http-nio-8080"]
2022-09-09 23:46:00,032 [restartedMain] INFO  org.apache.catalina.core.StandardService                     : Starting service [Tomcat]
2022-09-09 23:46:00,032 [restartedMain] INFO  org.apache.catalina.core.StandardEngine                      : Starting Servlet engine: [Apache Tomcat/9.0.50]
2022-09-09 23:46:00,102 [restartedMain] INFO  o.a.catalina.core.ContainerBase.[Tomcat].[localhost].[/]     : Initializing Spring embedded WebApplicationContext
2022-09-09 23:46:00,102 [restartedMain] INFO  o.s.b.web.servlet.context.ServletWebServerApplicationContext : Root WebApplicationContext: initialization completed in 1966 ms
2022-09-09 23:46:00,143 [restartedMain] INFO  com.zaxxer.hikari.HikariDataSource                           : HikariPool-1 - Starting...
2022-09-09 23:46:00,305 [restartedMain] INFO  com.zaxxer.hikari.HikariDataSource                           : HikariPool-1 - Start completed.
2022-09-09 23:46:00,312 [restartedMain] INFO  o.s.boot.autoconfigure.h2.H2ConsoleAutoConfiguration         : H2 console available at '/h2-console'. Database available at 'jdbc:h2:mem:testdb'
2022-09-09 23:46:00,386 [restartedMain] INFO  com.memphis.filter.AdminFilter                               :  ### Iniciando Filtro ###
2022-09-09 23:46:00,563 [restartedMain] INFO  org.hibernate.jpa.internal.util.LogHelper                    : HHH000204: Processing PersistenceUnitInfo [name: default]
2022-09-09 23:46:00,600 [restartedMain] INFO  org.hibernate.Version                                        : HHH000412: Hibernate ORM core version 5.4.32.Final
2022-09-09 23:46:00,701 [restartedMain] INFO  org.hibernate.annotations.common.Version                     : HCANN000001: Hibernate Commons Annotations {5.1.2.Final}
2022-09-09 23:46:00,794 [restartedMain] INFO  org.hibernate.dialect.Dialect                                : HHH000400: Using dialect: org.hibernate.dialect.H2Dialect
2022-09-09 23:46:01,241 [restartedMain] INFO  o.h.e.transaction.jta.platform.internal.JtaPlatformInitiator : HHH000490: Using JtaPlatform implementation: [org.hibernate.engine.transaction.jta.platform.internal.NoJtaPlatform]
2022-09-09 23:46:01,248 [restartedMain] INFO  o.s.orm.jpa.LocalContainerEntityManagerFactoryBean           : Initialized JPA EntityManagerFactory for persistence unit 'default'
2022-09-09 23:46:01,360 [restartedMain] WARN  o.s.b.a.orm.jpa.JpaBaseConfiguration$JpaWebConfiguration     : spring.jpa.open-in-view is enabled by default. Therefore, database queries may be performed during view rendering. Explicitly configure spring.jpa.open-in-view to disable this warning
2022-09-09 23:46:02,142 [restartedMain] INFO  o.s.boot.devtools.autoconfigure.OptionalLiveReloadServer     : LiveReload server is running on port 35729
2022-09-09 23:46:02,169 [restartedMain] INFO  org.apache.coyote.http11.Http11NioProtocol                   : Starting ProtocolHandler ["http-nio-8080"]
2022-09-09 23:46:02,192 [restartedMain] INFO  org.springframework.boot.web.embedded.tomcat.TomcatWebServer : Tomcat started on port(s): 8080 (http) with context path ''
2022-09-09 23:46:02,209 [restartedMain] INFO  com.memphis.cafe.MemphiCafeApplication                       : Started MemphiCafeApplication in 4.83 seconds (JVM running for 6.177)
2022-09-09 23:46:08,175 [http-nio-8080-exec-1] INFO  o.a.catalina.core.ContainerBase.[Tomcat].[localhost].[/]     : Initializing Spring DispatcherServlet 'dispatcherServlet'
2022-09-09 23:46:08,176 [http-nio-8080-exec-1] INFO  org.springframework.web.servlet.DispatcherServlet            : Initializing Servlet 'dispatcherServlet'
2022-09-09 23:46:08,179 [http-nio-8080-exec-1] INFO  org.springframework.web.servlet.DispatcherServlet            : Completed initialization in 3 ms
2022-09-09 23:46:08,204 [http-nio-8080-exec-1] INFO  com.memphis.cafe.controllers.MemphisController               : Mostrando la carta para el Cafe Bar - Memphis
2022-09-09 23:46:51,365 [background-preinit] INFO  org.hibernate.validator.internal.util.Version                : HV000001: Hibernate Validator 6.2.0.Final
2022-09-09 23:46:51,371 [restartedMain] INFO  com.memphis.cafe.MemphiCafeApplication                       : Starting MemphiCafeApplication using Java 18.0.1 on MacBook-Air-de-Jose.local with PID 41226 (/Users/joseplasenciavillarejo/git/Memphis_Cafe/target/classes started by joseplasenciavillarejo in /Users/joseplasenciavillarejo/git/Memphis_Cafe)
2022-09-09 23:46:51,371 [restartedMain] INFO  com.memphis.cafe.MemphiCafeApplication                       : No active profile set, falling back to default profiles: default
2022-09-09 23:46:51,448 [restartedMain] INFO  o.s.boot.devtools.env.DevToolsPropertyDefaultsPostProcessor  : Devtools property defaults active! Set 'spring.devtools.add-properties' to 'false' to disable
2022-09-09 23:46:51,449 [restartedMain] INFO  o.s.boot.devtools.env.DevToolsPropertyDefaultsPostProcessor  : For additional web related logging consider setting the 'logging.level.web' property to 'DEBUG'
2022-09-09 23:46:52,391 [restartedMain] INFO  o.s.data.repository.config.RepositoryConfigurationDelegate   : Bootstrapping Spring Data JPA repositories in DEFAULT mode.
2022-09-09 23:46:52,455 [restartedMain] INFO  o.s.data.repository.config.RepositoryConfigurationDelegate   : Finished Spring Data repository scanning in 57 ms. Found 1 JPA repository interfaces.
2022-09-09 23:46:53,320 [restartedMain] INFO  org.springframework.boot.web.embedded.tomcat.TomcatWebServer : Tomcat initialized with port(s): 8080 (http)
2022-09-09 23:46:53,329 [restartedMain] INFO  org.apache.coyote.http11.Http11NioProtocol                   : Initializing ProtocolHandler ["http-nio-8080"]
2022-09-09 23:46:53,330 [restartedMain] INFO  org.apache.catalina.core.StandardService                     : Starting service [Tomcat]
2022-09-09 23:46:53,330 [restartedMain] INFO  org.apache.catalina.core.StandardEngine                      : Starting Servlet engine: [Apache Tomcat/9.0.50]
2022-09-09 23:46:53,399 [restartedMain] INFO  o.a.catalina.core.ContainerBase.[Tomcat].[localhost].[/]     : Initializing Spring embedded WebApplicationContext
2022-09-09 23:46:53,399 [restartedMain] INFO  o.s.b.web.servlet.context.ServletWebServerApplicationContext : Root WebApplicationContext: initialization completed in 1950 ms
2022-09-09 23:46:53,438 [restartedMain] INFO  com.zaxxer.hikari.HikariDataSource                           : HikariPool-1 - Starting...
2022-09-09 23:46:53,603 [restartedMain] INFO  com.zaxxer.hikari.HikariDataSource                           : HikariPool-1 - Start completed.
2022-09-09 23:46:53,610 [restartedMain] INFO  o.s.boot.autoconfigure.h2.H2ConsoleAutoConfiguration         : H2 console available at '/h2-console'. Database available at 'jdbc:h2:mem:testdb'
2022-09-09 23:46:53,685 [restartedMain] INFO  com.memphis.filter.AdminFilter                               :  ### Iniciando Filtro ###
2022-09-09 23:46:53,870 [restartedMain] INFO  org.hibernate.jpa.internal.util.LogHelper                    : HHH000204: Processing PersistenceUnitInfo [name: default]
2022-09-09 23:46:53,904 [restartedMain] INFO  org.hibernate.Version                                        : HHH000412: Hibernate ORM core version 5.4.32.Final
2022-09-09 23:46:54,006 [restartedMain] INFO  org.hibernate.annotations.common.Version                     : HCANN000001: Hibernate Commons Annotations {5.1.2.Final}
2022-09-09 23:46:54,098 [restartedMain] INFO  org.hibernate.dialect.Dialect                                : HHH000400: Using dialect: org.hibernate.dialect.H2Dialect
2022-09-09 23:46:54,550 [restartedMain] INFO  o.h.e.transaction.jta.platform.internal.JtaPlatformInitiator : HHH000490: Using JtaPlatform implementation: [org.hibernate.engine.transaction.jta.platform.internal.NoJtaPlatform]
2022-09-09 23:46:54,557 [restartedMain] INFO  o.s.orm.jpa.LocalContainerEntityManagerFactoryBean           : Initialized JPA EntityManagerFactory for persistence unit 'default'
2022-09-09 23:46:54,675 [restartedMain] WARN  o.s.b.a.orm.jpa.JpaBaseConfiguration$JpaWebConfiguration     : spring.jpa.open-in-view is enabled by default. Therefore, database queries may be performed during view rendering. Explicitly configure spring.jpa.open-in-view to disable this warning
2022-09-09 23:46:55,456 [restartedMain] WARN  o.s.boot.devtools.autoconfigure.OptionalLiveReloadServer     : Unable to start LiveReload server
2022-09-09 23:46:55,483 [restartedMain] INFO  org.apache.coyote.http11.Http11NioProtocol                   : Starting ProtocolHandler ["http-nio-8080"]
2022-09-09 23:46:55,487 [restartedMain] WARN  o.s.b.w.s.c.AnnotationConfigServletWebServerApplicationContext : Exception encountered during context initialization - cancelling refresh attempt: org.springframework.context.ApplicationContextException: Failed to start bean 'webServerStartStop'; nested exception is org.springframework.boot.web.server.PortInUseException: Port 8080 is already in use
2022-09-09 23:46:55,491 [restartedMain] INFO  o.s.orm.jpa.LocalContainerEntityManagerFactoryBean           : Closing JPA EntityManagerFactory for persistence unit 'default'
2022-09-09 23:46:55,492 [restartedMain] INFO  o.h.t.s.internal.SchemaDropperImpl$DelayedDropActionImpl     : HHH000477: Starting delayed evictData of schema as part of SessionFactory shut-down'
2022-09-09 23:46:55,717 [restartedMain] WARN  o.s.beans.factory.support.DisposableBeanAdapter              : Invocation of destroy method failed on bean with name 'inMemoryDatabaseShutdownExecutor': org.h2.jdbc.JdbcSQLNonTransientConnectionException: La base de datos ya esta cerrada (para des-habilitar el cerrado automatico durante el shutdown de la VM, agregue ";DB_CLOSE_ON_EXIT=FALSE" a la URL de conexión)
Database is already closed (to disable automatic closing at VM shutdown, add ";DB_CLOSE_ON_EXIT=FALSE" to the db URL) [90121-200]
2022-09-09 23:46:55,718 [restartedMain] INFO  com.zaxxer.hikari.HikariDataSource                           : HikariPool-1 - Shutdown initiated...
2022-09-09 23:46:55,721 [restartedMain] INFO  com.zaxxer.hikari.HikariDataSource                           : HikariPool-1 - Shutdown completed.
2022-09-09 23:46:55,725 [restartedMain] INFO  org.apache.coyote.http11.Http11NioProtocol                   : Pausing ProtocolHandler ["http-nio-8080"]
2022-09-09 23:46:55,725 [restartedMain] INFO  org.apache.catalina.core.StandardService                     : Stopping service [Tomcat]
2022-09-09 23:46:55,726 [restartedMain] INFO  com.memphis.filter.AdminFilter                               :  ### Destruyendo Filtro ###
2022-09-09 23:46:55,730 [restartedMain] INFO  org.apache.coyote.http11.Http11NioProtocol                   : Stopping ProtocolHandler ["http-nio-8080"]
2022-09-09 23:46:55,730 [restartedMain] INFO  org.apache.coyote.http11.Http11NioProtocol                   : Destroying ProtocolHandler ["http-nio-8080"]
2022-09-09 23:46:55,747 [restartedMain] INFO  o.s.b.a.logging.ConditionEvaluationReportLoggingListener     : 

Error starting ApplicationContext. To display the conditions report re-run your application with 'debug' enabled.
2022-09-09 23:46:55,769 [restartedMain] ERROR o.s.boot.diagnostics.LoggingFailureAnalysisReporter          : 

***************************
APPLICATION FAILED TO START
***************************

Description:

Web server failed to start. Port 8080 was already in use.

Action:

Identify and stop the process that's listening on port 8080 or configure this application to listen on another port.

2022-09-09 23:46:56,882 [http-nio-8080-exec-8] INFO  com.memphis.cafe.controllers.MemphisController               : Mostrando la carta para el Cafe Bar - Memphis
2022-09-09 23:51:42,115 [RMI TCP Connection(9)-127.0.0.1] INFO  o.s.b.a.SpringApplicationAdminMXBeanRegistrar$SpringApplicationAdmin : Application shutdown requested.
2022-09-09 23:51:42,131 [RMI TCP Connection(9)-127.0.0.1] INFO  com.memphis.filter.AdminFilter                               :  ### Destruyendo Filtro ###
2022-09-09 23:51:42,145 [RMI TCP Connection(9)-127.0.0.1] INFO  o.s.orm.jpa.LocalContainerEntityManagerFactoryBean           : Closing JPA EntityManagerFactory for persistence unit 'default'
2022-09-09 23:51:42,146 [RMI TCP Connection(9)-127.0.0.1] INFO  o.h.t.s.internal.SchemaDropperImpl$DelayedDropActionImpl     : HHH000477: Starting delayed evictData of schema as part of SessionFactory shut-down'
2022-09-09 23:51:42,367 [RMI TCP Connection(9)-127.0.0.1] WARN  o.s.beans.factory.support.DisposableBeanAdapter              : Invocation of destroy method failed on bean with name 'inMemoryDatabaseShutdownExecutor': org.h2.jdbc.JdbcSQLNonTransientConnectionException: La base de datos ya esta cerrada (para des-habilitar el cerrado automatico durante el shutdown de la VM, agregue ";DB_CLOSE_ON_EXIT=FALSE" a la URL de conexión)
Database is already closed (to disable automatic closing at VM shutdown, add ";DB_CLOSE_ON_EXIT=FALSE" to the db URL) [90121-200]
2022-09-09 23:51:42,368 [RMI TCP Connection(9)-127.0.0.1] INFO  com.zaxxer.hikari.HikariDataSource                           : HikariPool-1 - Shutdown initiated...
2022-09-09 23:51:42,372 [RMI TCP Connection(9)-127.0.0.1] INFO  com.zaxxer.hikari.HikariDataSource                           : HikariPool-1 - Shutdown completed.
